{"/home/mateus/Área de Trabalho/Estudos/WEB4/pp1-web-olx/src/App.tsx": {"path":"/home/mateus/Área de Trabalho/Estudos/WEB4/pp1-web-olx/src/App.tsx","statementMap":{"0":{"start":{"line":18,"column":54},"end":{"line":23,"column":1}},"1":{"start":{"line":19,"column":2},"end":{"line":21,"column":3}},"2":{"start":{"line":20,"column":4},"end":{"line":20,"column":44}},"3":{"start":{"line":22,"column":2},"end":{"line":22,"column":18}},"4":{"start":{"line":26,"column":2},"end":{"line":72,"column":4}}},"fnMap":{"0":{"name":"(anonymous_0)","decl":{"start":{"line":18,"column":54},"end":{"line":18,"column":55}},"loc":{"start":{"line":18,"column":72},"end":{"line":23,"column":1}},"line":18},"1":{"name":"App","decl":{"start":{"line":25,"column":9},"end":{"line":25,"column":12}},"loc":{"start":{"line":25,"column":15},"end":{"line":73,"column":1}},"line":25}},"branchMap":{"0":{"loc":{"start":{"line":19,"column":2},"end":{"line":21,"column":3}},"type":"if","locations":[{"start":{"line":19,"column":2},"end":{"line":21,"column":3}},{"start":{},"end":{}}],"line":19}},"s":{"0":1,"1":6,"2":2,"3":4,"4":9},"f":{"0":6,"1":9},"b":{"0":[2,4]},"_coverageSchema":"1a1c01bbd47fc00a2c39e90264f33305004495a9","hash":"9c83ab98e96e4285f25ce7b7e728ef052f5326aa"}
,"/home/mateus/Área de Trabalho/Estudos/WEB4/pp1-web-olx/src/components/Footer.tsx": {"path":"/home/mateus/Área de Trabalho/Estudos/WEB4/pp1-web-olx/src/components/Footer.tsx","statementMap":{"0":{"start":{"line":2,"column":2},"end":{"line":8,"column":3}}},"fnMap":{"0":{"name":"Footer","decl":{"start":{"line":1,"column":9},"end":{"line":1,"column":15}},"loc":{"start":{"line":1,"column":18},"end":{"line":9,"column":1}},"line":1}},"branchMap":{},"s":{"0":0},"f":{"0":0},"b":{}}
,"/home/mateus/Área de Trabalho/Estudos/WEB4/pp1-web-olx/src/components/Header.tsx": {"path":"/home/mateus/Área de Trabalho/Estudos/WEB4/pp1-web-olx/src/components/Header.tsx","statementMap":{"0":{"start":{"line":7,"column":19},"end":{"line":7,"column":32}},"1":{"start":{"line":8,"column":19},"end":{"line":8,"column":32}},"2":{"start":{"line":9,"column":21},"end":{"line":9,"column":78}},"3":{"start":{"line":10,"column":48},"end":{"line":10,"column":63}},"4":{"start":{"line":12,"column":23},"end":{"line":15,"column":3}},"5":{"start":{"line":13,"column":4},"end":{"line":13,"column":20}},"6":{"start":{"line":14,"column":4},"end":{"line":14,"column":42}},"7":{"start":{"line":17,"column":24},"end":{"line":19,"column":3}},"8":{"start":{"line":18,"column":4},"end":{"line":18,"column":29}},"9":{"start":{"line":21,"column":2},"end":{"line":104,"column":4}},"10":{"start":{"line":35,"column":33},"end":{"line":35,"column":46}},"11":{"start":{"line":45,"column":33},"end":{"line":45,"column":52}},"12":{"start":{"line":55,"column":33},"end":{"line":55,"column":54}},"13":{"start":{"line":85,"column":31},"end":{"line":85,"column":56}},"14":{"start":{"line":92,"column":18},"end":{"line":92,"column":44}},"15":{"start":{"line":93,"column":18},"end":{"line":93,"column":33}}},"fnMap":{"0":{"name":"Header","decl":{"start":{"line":6,"column":9},"end":{"line":6,"column":15}},"loc":{"start":{"line":6,"column":18},"end":{"line":105,"column":1}},"line":6},"1":{"name":"(anonymous_1)","decl":{"start":{"line":12,"column":23},"end":{"line":12,"column":24}},"loc":{"start":{"line":12,"column":29},"end":{"line":15,"column":3}},"line":12},"2":{"name":"(anonymous_2)","decl":{"start":{"line":17,"column":24},"end":{"line":17,"column":25}},"loc":{"start":{"line":17,"column":30},"end":{"line":19,"column":3}},"line":17},"3":{"name":"(anonymous_3)","decl":{"start":{"line":35,"column":27},"end":{"line":35,"column":28}},"loc":{"start":{"line":35,"column":33},"end":{"line":35,"column":46}},"line":35},"4":{"name":"(anonymous_4)","decl":{"start":{"line":45,"column":27},"end":{"line":45,"column":28}},"loc":{"start":{"line":45,"column":33},"end":{"line":45,"column":52}},"line":45},"5":{"name":"(anonymous_5)","decl":{"start":{"line":55,"column":27},"end":{"line":55,"column":28}},"loc":{"start":{"line":55,"column":33},"end":{"line":55,"column":54}},"line":55},"6":{"name":"(anonymous_6)","decl":{"start":{"line":85,"column":25},"end":{"line":85,"column":26}},"loc":{"start":{"line":85,"column":31},"end":{"line":85,"column":56}},"line":85},"7":{"name":"(anonymous_7)","decl":{"start":{"line":91,"column":25},"end":{"line":91,"column":26}},"loc":{"start":{"line":91,"column":31},"end":{"line":94,"column":17}},"line":91}},"branchMap":{"0":{"loc":{"start":{"line":32,"column":13},"end":{"line":71,"column":13}},"type":"binary-expr","locations":[{"start":{"line":32,"column":13},"end":{"line":32,"column":23}},{"start":{"line":33,"column":14},"end":{"line":70,"column":20}}],"line":32},"1":{"loc":{"start":{"line":36,"column":32},"end":{"line":38,"column":59}},"type":"cond-expr","locations":[{"start":{"line":37,"column":24},"end":{"line":37,"column":39}},{"start":{"line":38,"column":24},"end":{"line":38,"column":59}}],"line":36},"2":{"loc":{"start":{"line":46,"column":32},"end":{"line":48,"column":59}},"type":"cond-expr","locations":[{"start":{"line":47,"column":24},"end":{"line":47,"column":39}},{"start":{"line":48,"column":24},"end":{"line":48,"column":59}}],"line":46},"3":{"loc":{"start":{"line":56,"column":32},"end":{"line":58,"column":59}},"type":"cond-expr","locations":[{"start":{"line":57,"column":24},"end":{"line":57,"column":39}},{"start":{"line":58,"column":24},"end":{"line":58,"column":59}}],"line":56},"4":{"loc":{"start":{"line":77,"column":7},"end":{"line":102,"column":7}},"type":"binary-expr","locations":[{"start":{"line":77,"column":7},"end":{"line":77,"column":22}},{"start":{"line":78,"column":8},"end":{"line":101,"column":14}}],"line":77}},"s":{"0":12,"1":12,"2":12,"3":12,"4":12,"5":1,"6":1,"7":12,"8":3,"9":12,"10":1,"11":1,"12":1,"13":1,"14":1,"15":1},"f":{"0":12,"1":1,"2":3,"3":1,"4":1,"5":1,"6":1,"7":1},"b":{"0":[12,12],"1":[12,0],"2":[0,12],"3":[0,12],"4":[12,3]},"_coverageSchema":"1a1c01bbd47fc00a2c39e90264f33305004495a9","hash":"5f5eec10e9f5fda2006ccd99a4fd889fd7317681"}
,"/home/mateus/Área de Trabalho/Estudos/WEB4/pp1-web-olx/src/components/ui/Button.tsx": {"path":"/home/mateus/Área de Trabalho/Estudos/WEB4/pp1-web-olx/src/components/ui/Button.tsx","statementMap":{"0":{"start":{"line":14,"column":2},"end":{"line":14,"column":102}},"1":{"start":{"line":14,"column":31},"end":{"line":14,"column":102}},"2":{"start":{"line":15,"column":2},"end":{"line":15,"column":81}},"3":{"start":{"line":15,"column":27},"end":{"line":15,"column":81}},"4":{"start":{"line":16,"column":2},"end":{"line":16,"column":48}},"5":{"start":{"line":20,"column":2},"end":{"line":20,"column":49}},"6":{"start":{"line":20,"column":21},"end":{"line":20,"column":49}},"7":{"start":{"line":21,"column":2},"end":{"line":21,"column":49}},"8":{"start":{"line":21,"column":21},"end":{"line":21,"column":49}},"9":{"start":{"line":22,"column":2},"end":{"line":22,"column":28}},"10":{"start":{"line":26,"column":15},"end":{"line":26,"column":147}},"11":{"start":{"line":27,"column":16},"end":{"line":27,"column":43}},"12":{"start":{"line":28,"column":14},"end":{"line":28,"column":108}},"13":{"start":{"line":29,"column":2},"end":{"line":33,"column":3}}},"fnMap":{"0":{"name":"variantClasses","decl":{"start":{"line":13,"column":9},"end":{"line":13,"column":23}},"loc":{"start":{"line":13,"column":48},"end":{"line":17,"column":1}},"line":13},"1":{"name":"sizeClasses","decl":{"start":{"line":19,"column":9},"end":{"line":19,"column":20}},"loc":{"start":{"line":19,"column":39},"end":{"line":23,"column":1}},"line":19},"2":{"name":"Button","decl":{"start":{"line":25,"column":9},"end":{"line":25,"column":15}},"loc":{"start":{"line":25,"column":120},"end":{"line":34,"column":1}},"line":25}},"branchMap":{"0":{"loc":{"start":{"line":14,"column":2},"end":{"line":14,"column":102}},"type":"if","locations":[{"start":{"line":14,"column":2},"end":{"line":14,"column":102}},{"start":{},"end":{}}],"line":14},"1":{"loc":{"start":{"line":15,"column":2},"end":{"line":15,"column":81}},"type":"if","locations":[{"start":{"line":15,"column":2},"end":{"line":15,"column":81}},{"start":{},"end":{}}],"line":15},"2":{"loc":{"start":{"line":20,"column":2},"end":{"line":20,"column":49}},"type":"if","locations":[{"start":{"line":20,"column":2},"end":{"line":20,"column":49}},{"start":{},"end":{}}],"line":20},"3":{"loc":{"start":{"line":21,"column":2},"end":{"line":21,"column":49}},"type":"if","locations":[{"start":{"line":21,"column":2},"end":{"line":21,"column":49}},{"start":{},"end":{}}],"line":21},"4":{"loc":{"start":{"line":25,"column":28},"end":{"line":25,"column":47}},"type":"default-arg","locations":[{"start":{"line":25,"column":38},"end":{"line":25,"column":47}}],"line":25},"5":{"loc":{"start":{"line":25,"column":49},"end":{"line":25,"column":60}},"type":"default-arg","locations":[{"start":{"line":25,"column":56},"end":{"line":25,"column":60}}],"line":25},"6":{"loc":{"start":{"line":27,"column":16},"end":{"line":27,"column":43}},"type":"cond-expr","locations":[{"start":{"line":27,"column":30},"end":{"line":27,"column":38}},{"start":{"line":27,"column":41},"end":{"line":27,"column":43}}],"line":27}},"s":{"0":6,"1":1,"2":5,"3":0,"4":5,"5":6,"6":0,"7":6,"8":0,"9":6,"10":6,"11":6,"12":6,"13":6},"f":{"0":6,"1":6,"2":6},"b":{"0":[1,5],"1":[0,5],"2":[0,6],"3":[0,6],"4":[5],"5":[6],"6":[1,5]},"_coverageSchema":"1a1c01bbd47fc00a2c39e90264f33305004495a9","hash":"558622a64fd32971d5109235326427e457e63309"}
,"/home/mateus/Área de Trabalho/Estudos/WEB4/pp1-web-olx/src/components/ui/Card.tsx": {"path":"/home/mateus/Área de Trabalho/Estudos/WEB4/pp1-web-olx/src/components/ui/Card.tsx","statementMap":{"0":{"start":{"line":12,"column":2},"end":{"line":32,"column":3}}},"fnMap":{"0":{"name":"Card","decl":{"start":{"line":11,"column":9},"end":{"line":11,"column":13}},"loc":{"start":{"line":11,"column":75},"end":{"line":33,"column":1}},"line":11}},"branchMap":{"0":{"loc":{"start":{"line":20,"column":7},"end":{"line":24,"column":14}},"type":"cond-expr","locations":[{"start":{"line":21,"column":8},"end":{"line":23,"column":14}},{"start":{"line":24,"column":10},"end":{"line":24,"column":14}}],"line":20},"1":{"loc":{"start":{"line":26,"column":7},"end":{"line":30,"column":14}},"type":"cond-expr","locations":[{"start":{"line":27,"column":8},"end":{"line":29,"column":14}},{"start":{"line":30,"column":10},"end":{"line":30,"column":14}}],"line":26}},"s":{"0":5},"f":{"0":5},"b":{"0":[2,3],"1":[2,3]},"_coverageSchema":"1a1c01bbd47fc00a2c39e90264f33305004495a9","hash":"e8ed646351645f5124432854907d926c43f77304"}
,"/home/mateus/Área de Trabalho/Estudos/WEB4/pp1-web-olx/src/components/ui/Input.tsx": {"path":"/home/mateus/Área de Trabalho/Estudos/WEB4/pp1-web-olx/src/components/ui/Input.tsx","statementMap":{"0":{"start":{"line":23,"column":18},"end":{"line":23,"column":46}},"1":{"start":{"line":25,"column":2},"end":{"line":61,"column":3}}},"fnMap":{"0":{"name":"Input","decl":{"start":{"line":12,"column":9},"end":{"line":12,"column":14}},"loc":{"start":{"line":22,"column":15},"end":{"line":62,"column":1}},"line":22}},"branchMap":{"0":{"loc":{"start":{"line":23,"column":18},"end":{"line":23,"column":46}},"type":"binary-expr","locations":[{"start":{"line":23,"column":18},"end":{"line":23,"column":20}},{"start":{"line":23,"column":24},"end":{"line":23,"column":33}},{"start":{"line":23,"column":37},"end":{"line":23,"column":46}}],"line":23},"1":{"loc":{"start":{"line":27,"column":7},"end":{"line":31,"column":14}},"type":"cond-expr","locations":[{"start":{"line":28,"column":8},"end":{"line":30,"column":16}},{"start":{"line":31,"column":10},"end":{"line":31,"column":14}}],"line":27},"2":{"loc":{"start":{"line":38,"column":12},"end":{"line":38,"column":143}},"type":"cond-expr","locations":[{"start":{"line":38,"column":20},"end":{"line":38,"column":68}},{"start":{"line":38,"column":71},"end":{"line":38,"column":143}}],"line":38},"3":{"loc":{"start":{"line":44,"column":9},"end":{"line":53,"column":9}},"type":"binary-expr","locations":[{"start":{"line":44,"column":9},"end":{"line":44,"column":27}},{"start":{"line":45,"column":10},"end":{"line":52,"column":19}}],"line":44},"4":{"loc":{"start":{"line":51,"column":13},"end":{"line":51,"column":52}},"type":"cond-expr","locations":[{"start":{"line":51,"column":35},"end":{"line":51,"column":40}},{"start":{"line":51,"column":43},"end":{"line":51,"column":52}}],"line":51},"5":{"loc":{"start":{"line":55,"column":7},"end":{"line":59,"column":14}},"type":"cond-expr","locations":[{"start":{"line":56,"column":8},"end":{"line":56,"column":61}},{"start":{"line":57,"column":10},"end":{"line":59,"column":14}}],"line":55},"6":{"loc":{"start":{"line":57,"column":10},"end":{"line":59,"column":14}},"type":"cond-expr","locations":[{"start":{"line":58,"column":8},"end":{"line":58,"column":67}},{"start":{"line":59,"column":10},"end":{"line":59,"column":14}}],"line":57}},"s":{"0":7,"1":7},"f":{"0":7},"b":{"0":[7,7,7],"1":[1,6],"2":[1,6],"3":[7,2],"4":[2,0],"5":[1,6],"6":[1,5]},"_coverageSchema":"1a1c01bbd47fc00a2c39e90264f33305004495a9","hash":"2e678a5c40c079ce1317f127b7ad6b4b969e46a8"}
,"/home/mateus/Área de Trabalho/Estudos/WEB4/pp1-web-olx/src/components/ui/index.ts": {"path":"/home/mateus/Área de Trabalho/Estudos/WEB4/pp1-web-olx/src/components/ui/index.ts","statementMap":{},"fnMap":{},"branchMap":{},"s":{},"f":{},"b":{}}
,"/home/mateus/Área de Trabalho/Estudos/WEB4/pp1-web-olx/src/layouts/MainLayout.tsx": {"path":"/home/mateus/Área de Trabalho/Estudos/WEB4/pp1-web-olx/src/layouts/MainLayout.tsx","statementMap":{"0":{"start":{"line":10,"column":2},"end":{"line":18,"column":3}}},"fnMap":{"0":{"name":"MainLayout","decl":{"start":{"line":9,"column":9},"end":{"line":9,"column":19}},"loc":{"start":{"line":9,"column":51},"end":{"line":19,"column":1}},"line":9}},"branchMap":{},"s":{"0":4},"f":{"0":4},"b":{},"_coverageSchema":"1a1c01bbd47fc00a2c39e90264f33305004495a9","hash":"b53094ed70fe47e82e92f75da2b2d3a5f575ff96"}
,"/home/mateus/Área de Trabalho/Estudos/WEB4/pp1-web-olx/src/pages/Anunciar.tsx": {"path":"/home/mateus/Área de Trabalho/Estudos/WEB4/pp1-web-olx/src/pages/Anunciar.tsx","statementMap":{"0":{"start":{"line":15,"column":34},"end":{"line":21,"column":4}},"1":{"start":{"line":22,"column":30},"end":{"line":22,"column":50}},"2":{"start":{"line":23,"column":42},"end":{"line":23,"column":57}},"3":{"start":{"line":24,"column":28},"end":{"line":24,"column":40}},"4":{"start":{"line":25,"column":40},"end":{"line":25,"column":62}},"5":{"start":{"line":26,"column":23},"end":{"line":26,"column":53}},"6":{"start":{"line":27,"column":19},"end":{"line":27,"column":32}},"7":{"start":{"line":29,"column":21},"end":{"line":39,"column":3}},"8":{"start":{"line":41,"column":28},"end":{"line":47,"column":3}},"9":{"start":{"line":42,"column":28},"end":{"line":42,"column":36}},"10":{"start":{"line":43,"column":4},"end":{"line":46,"column":8}},"11":{"start":{"line":43,"column":25},"end":{"line":46,"column":5}},"12":{"start":{"line":49,"column":28},"end":{"line":65,"column":3}},"13":{"start":{"line":50,"column":4},"end":{"line":64,"column":5}},"14":{"start":{"line":51,"column":20},"end":{"line":51,"column":46}},"15":{"start":{"line":54,"column":6},"end":{"line":57,"column":7}},"16":{"start":{"line":55,"column":8},"end":{"line":55,"column":61}},"17":{"start":{"line":56,"column":8},"end":{"line":56,"column":15}},"18":{"start":{"line":60,"column":29},"end":{"line":60,"column":73}},"19":{"start":{"line":60,"column":47},"end":{"line":60,"column":72}},"20":{"start":{"line":62,"column":6},"end":{"line":62,"column":45}},"21":{"start":{"line":62,"column":24},"end":{"line":62,"column":43}},"22":{"start":{"line":63,"column":6},"end":{"line":63,"column":59}},"23":{"start":{"line":63,"column":29},"end":{"line":63,"column":57}},"24":{"start":{"line":67,"column":22},"end":{"line":75,"column":3}},"25":{"start":{"line":68,"column":4},"end":{"line":68,"column":58}},"26":{"start":{"line":68,"column":22},"end":{"line":68,"column":56}},"27":{"start":{"line":68,"column":44},"end":{"line":68,"column":55}},"28":{"start":{"line":69,"column":4},"end":{"line":74,"column":7}},"29":{"start":{"line":70,"column":22},"end":{"line":70,"column":31}},"30":{"start":{"line":71,"column":6},"end":{"line":71,"column":42}},"31":{"start":{"line":72,"column":6},"end":{"line":72,"column":31}},"32":{"start":{"line":73,"column":6},"end":{"line":73,"column":21}},"33":{"start":{"line":77,"column":23},"end":{"line":143,"column":3}},"34":{"start":{"line":78,"column":4},"end":{"line":78,"column":23}},"35":{"start":{"line":79,"column":4},"end":{"line":79,"column":17}},"36":{"start":{"line":82,"column":4},"end":{"line":85,"column":5}},"37":{"start":{"line":83,"column":6},"end":{"line":83,"column":56}},"38":{"start":{"line":84,"column":6},"end":{"line":84,"column":13}},"39":{"start":{"line":87,"column":4},"end":{"line":90,"column":5}},"40":{"start":{"line":88,"column":6},"end":{"line":88,"column":60}},"41":{"start":{"line":89,"column":6},"end":{"line":89,"column":13}},"42":{"start":{"line":92,"column":4},"end":{"line":92,"column":26}},"43":{"start":{"line":94,"column":4},"end":{"line":142,"column":5}},"44":{"start":{"line":95,"column":23},"end":{"line":95,"column":36}},"45":{"start":{"line":96,"column":6},"end":{"line":98,"column":7}},"46":{"start":{"line":97,"column":8},"end":{"line":97,"column":51}},"47":{"start":{"line":102,"column":29},"end":{"line":102,"column":43}},"48":{"start":{"line":105,"column":6},"end":{"line":107,"column":9}},"49":{"start":{"line":106,"column":8},"end":{"line":106,"column":42}},"50":{"start":{"line":110,"column":6},"end":{"line":112,"column":9}},"51":{"start":{"line":111,"column":8},"end":{"line":111,"column":54}},"52":{"start":{"line":128,"column":6},"end":{"line":131,"column":9}},"53":{"start":{"line":130,"column":34},"end":{"line":130,"column":42}},"54":{"start":{"line":134,"column":6},"end":{"line":134,"column":46}},"55":{"start":{"line":135,"column":6},"end":{"line":135,"column":20}},"56":{"start":{"line":138,"column":6},"end":{"line":138,"column":56}},"57":{"start":{"line":139,"column":6},"end":{"line":139,"column":74}},"58":{"start":{"line":141,"column":6},"end":{"line":141,"column":29}},"59":{"start":{"line":145,"column":2},"end":{"line":396,"column":4}},"60":{"start":{"line":195,"column":22},"end":{"line":197,"column":31}},"61":{"start":{"line":301,"column":24},"end":{"line":317,"column":30}},"62":{"start":{"line":309,"column":43},"end":{"line":309,"column":61}},"63":{"start":{"line":369,"column":33},"end":{"line":369,"column":46}}},"fnMap":{"0":{"name":"Anunciar","decl":{"start":{"line":14,"column":24},"end":{"line":14,"column":32}},"loc":{"start":{"line":14,"column":35},"end":{"line":397,"column":1}},"line":14},"1":{"name":"(anonymous_1)","decl":{"start":{"line":41,"column":28},"end":{"line":41,"column":29}},"loc":{"start":{"line":41,"column":114},"end":{"line":47,"column":3}},"line":41},"2":{"name":"(anonymous_2)","decl":{"start":{"line":43,"column":16},"end":{"line":43,"column":17}},"loc":{"start":{"line":43,"column":25},"end":{"line":46,"column":5}},"line":43},"3":{"name":"(anonymous_3)","decl":{"start":{"line":49,"column":28},"end":{"line":49,"column":29}},"loc":{"start":{"line":49,"column":66},"end":{"line":65,"column":3}},"line":49},"4":{"name":"(anonymous_4)","decl":{"start":{"line":60,"column":39},"end":{"line":60,"column":40}},"loc":{"start":{"line":60,"column":47},"end":{"line":60,"column":72}},"line":60},"5":{"name":"(anonymous_5)","decl":{"start":{"line":62,"column":16},"end":{"line":62,"column":17}},"loc":{"start":{"line":62,"column":24},"end":{"line":62,"column":43}},"line":62},"6":{"name":"(anonymous_6)","decl":{"start":{"line":63,"column":21},"end":{"line":63,"column":22}},"loc":{"start":{"line":63,"column":29},"end":{"line":63,"column":57}},"line":63},"7":{"name":"(anonymous_7)","decl":{"start":{"line":67,"column":22},"end":{"line":67,"column":23}},"loc":{"start":{"line":67,"column":41},"end":{"line":75,"column":3}},"line":67},"8":{"name":"(anonymous_8)","decl":{"start":{"line":68,"column":14},"end":{"line":68,"column":15}},"loc":{"start":{"line":68,"column":22},"end":{"line":68,"column":56}},"line":68},"9":{"name":"(anonymous_9)","decl":{"start":{"line":68,"column":34},"end":{"line":68,"column":35}},"loc":{"start":{"line":68,"column":44},"end":{"line":68,"column":55}},"line":68},"10":{"name":"(anonymous_10)","decl":{"start":{"line":69,"column":19},"end":{"line":69,"column":20}},"loc":{"start":{"line":69,"column":27},"end":{"line":74,"column":5}},"line":69},"11":{"name":"(anonymous_11)","decl":{"start":{"line":77,"column":23},"end":{"line":77,"column":24}},"loc":{"start":{"line":77,"column":53},"end":{"line":143,"column":3}},"line":77},"12":{"name":"(anonymous_12)","decl":{"start":{"line":105,"column":39},"end":{"line":105,"column":40}},"loc":{"start":{"line":105,"column":57},"end":{"line":107,"column":7}},"line":105},"13":{"name":"(anonymous_13)","decl":{"start":{"line":110,"column":21},"end":{"line":110,"column":22}},"loc":{"start":{"line":110,"column":39},"end":{"line":112,"column":7}},"line":110},"14":{"name":"(anonymous_14)","decl":{"start":{"line":130,"column":27},"end":{"line":130,"column":28}},"loc":{"start":{"line":130,"column":34},"end":{"line":130,"column":42}},"line":130},"15":{"name":"(anonymous_15)","decl":{"start":{"line":194,"column":36},"end":{"line":194,"column":37}},"loc":{"start":{"line":195,"column":22},"end":{"line":197,"column":31}},"line":195},"16":{"name":"(anonymous_16)","decl":{"start":{"line":300,"column":39},"end":{"line":300,"column":40}},"loc":{"start":{"line":301,"column":24},"end":{"line":317,"column":30}},"line":301},"17":{"name":"(anonymous_17)","decl":{"start":{"line":309,"column":37},"end":{"line":309,"column":38}},"loc":{"start":{"line":309,"column":43},"end":{"line":309,"column":61}},"line":309},"18":{"name":"(anonymous_18)","decl":{"start":{"line":369,"column":27},"end":{"line":369,"column":28}},"loc":{"start":{"line":369,"column":33},"end":{"line":369,"column":46}},"line":369}},"branchMap":{"0":{"loc":{"start":{"line":50,"column":4},"end":{"line":64,"column":5}},"type":"if","locations":[{"start":{"line":50,"column":4},"end":{"line":64,"column":5}},{"start":{},"end":{}}],"line":50},"1":{"loc":{"start":{"line":54,"column":6},"end":{"line":57,"column":7}},"type":"if","locations":[{"start":{"line":54,"column":6},"end":{"line":57,"column":7}},{"start":{},"end":{}}],"line":54},"2":{"loc":{"start":{"line":82,"column":4},"end":{"line":85,"column":5}},"type":"if","locations":[{"start":{"line":82,"column":4},"end":{"line":85,"column":5}},{"start":{},"end":{}}],"line":82},"3":{"loc":{"start":{"line":82,"column":8},"end":{"line":82,"column":81}},"type":"binary-expr","locations":[{"start":{"line":82,"column":8},"end":{"line":82,"column":30}},{"start":{"line":82,"column":34},"end":{"line":82,"column":62}},{"start":{"line":82,"column":66},"end":{"line":82,"column":81}}],"line":82},"4":{"loc":{"start":{"line":87,"column":4},"end":{"line":90,"column":5}},"type":"if","locations":[{"start":{"line":87,"column":4},"end":{"line":90,"column":5}},{"start":{},"end":{}}],"line":87},"5":{"loc":{"start":{"line":96,"column":6},"end":{"line":98,"column":7}},"type":"if","locations":[{"start":{"line":96,"column":6},"end":{"line":98,"column":7}},{"start":{},"end":{}}],"line":96},"6":{"loc":{"start":{"line":155,"column":13},"end":{"line":159,"column":13}},"type":"binary-expr","locations":[{"start":{"line":155,"column":13},"end":{"line":155,"column":18}},{"start":{"line":156,"column":14},"end":{"line":158,"column":20}}],"line":155},"7":{"loc":{"start":{"line":298,"column":19},"end":{"line":320,"column":19}},"type":"binary-expr","locations":[{"start":{"line":298,"column":19},"end":{"line":298,"column":41}},{"start":{"line":299,"column":20},"end":{"line":319,"column":26}}],"line":298},"8":{"loc":{"start":{"line":380,"column":19},"end":{"line":388,"column":40}},"type":"cond-expr","locations":[{"start":{"line":381,"column":20},"end":{"line":387,"column":23}},{"start":{"line":388,"column":22},"end":{"line":388,"column":40}}],"line":380}},"s":{"0":0,"1":0,"2":0,"3":0,"4":0,"5":0,"6":0,"7":0,"8":0,"9":0,"10":0,"11":0,"12":0,"13":0,"14":0,"15":0,"16":0,"17":0,"18":0,"19":0,"20":0,"21":0,"22":0,"23":0,"24":0,"25":0,"26":0,"27":0,"28":0,"29":0,"30":0,"31":0,"32":0,"33":0,"34":0,"35":0,"36":0,"37":0,"38":0,"39":0,"40":0,"41":0,"42":0,"43":0,"44":0,"45":0,"46":0,"47":0,"48":0,"49":0,"50":0,"51":0,"52":0,"53":0,"54":0,"55":0,"56":0,"57":0,"58":0,"59":0,"60":0,"61":0,"62":0,"63":0},"f":{"0":0,"1":0,"2":0,"3":0,"4":0,"5":0,"6":0,"7":0,"8":0,"9":0,"10":0,"11":0,"12":0,"13":0,"14":0,"15":0,"16":0,"17":0,"18":0},"b":{"0":[0,0],"1":[0,0],"2":[0,0],"3":[0,0,0],"4":[0,0],"5":[0,0],"6":[0,0],"7":[0,0],"8":[0,0]}}
,"/home/mateus/Área de Trabalho/Estudos/WEB4/pp1-web-olx/src/pages/Login.tsx": {"path":"/home/mateus/Área de Trabalho/Estudos/WEB4/pp1-web-olx/src/pages/Login.tsx","statementMap":{"0":{"start":{"line":8,"column":18},"end":{"line":8,"column":87}},"1":{"start":{"line":11,"column":2},"end":{"line":11,"column":26}},"2":{"start":{"line":11,"column":14},"end":{"line":11,"column":26}},"3":{"start":{"line":13,"column":2},"end":{"line":13,"column":32}},"4":{"start":{"line":17,"column":28},"end":{"line":17,"column":40}},"5":{"start":{"line":18,"column":34},"end":{"line":18,"column":46}},"6":{"start":{"line":19,"column":32},"end":{"line":19,"column":47}},"7":{"start":{"line":20,"column":42},"end":{"line":20,"column":57}},"8":{"start":{"line":21,"column":40},"end":{"line":21,"column":69}},"9":{"start":{"line":22,"column":42},"end":{"line":22,"column":57}},"10":{"start":{"line":23,"column":19},"end":{"line":23,"column":32}},"11":{"start":{"line":25,"column":2},"end":{"line":31,"column":8}},"12":{"start":{"line":26,"column":23},"end":{"line":26,"column":66}},"13":{"start":{"line":27,"column":4},"end":{"line":30,"column":5}},"14":{"start":{"line":28,"column":6},"end":{"line":28,"column":26}},"15":{"start":{"line":29,"column":6},"end":{"line":29,"column":52}},"16":{"start":{"line":33,"column":20},"end":{"line":33,"column":51}},"17":{"start":{"line":34,"column":20},"end":{"line":34,"column":90}},"18":{"start":{"line":36,"column":35},"end":{"line":38,"column":3}},"19":{"start":{"line":37,"column":4},"end":{"line":37,"column":34}},"20":{"start":{"line":40,"column":23},"end":{"line":95,"column":3}},"21":{"start":{"line":41,"column":4},"end":{"line":41,"column":22}},"22":{"start":{"line":42,"column":4},"end":{"line":42,"column":20}},"23":{"start":{"line":43,"column":4},"end":{"line":43,"column":24}},"24":{"start":{"line":46,"column":4},"end":{"line":49,"column":5}},"25":{"start":{"line":47,"column":6},"end":{"line":47,"column":54}},"26":{"start":{"line":48,"column":6},"end":{"line":48,"column":12}},"27":{"start":{"line":51,"column":4},"end":{"line":54,"column":5}},"28":{"start":{"line":52,"column":6},"end":{"line":52,"column":85}},"29":{"start":{"line":53,"column":6},"end":{"line":53,"column":12}},"30":{"start":{"line":56,"column":4},"end":{"line":59,"column":5}},"31":{"start":{"line":57,"column":6},"end":{"line":57,"column":53}},"32":{"start":{"line":58,"column":6},"end":{"line":58,"column":12}},"33":{"start":{"line":61,"column":4},"end":{"line":61,"column":25}},"34":{"start":{"line":63,"column":4},"end":{"line":94,"column":5}},"35":{"start":{"line":64,"column":37},"end":{"line":64,"column":83}},"36":{"start":{"line":66,"column":6},"end":{"line":70,"column":9}},"37":{"start":{"line":71,"column":6},"end":{"line":71,"column":20}},"38":{"start":{"line":73,"column":25},"end":{"line":73,"column":102}},"39":{"start":{"line":75,"column":6},"end":{"line":89,"column":7}},"40":{"start":{"line":76,"column":25},"end":{"line":76,"column":50}},"41":{"start":{"line":78,"column":8},"end":{"line":88,"column":9}},"42":{"start":{"line":79,"column":10},"end":{"line":79,"column":94}},"43":{"start":{"line":80,"column":15},"end":{"line":88,"column":9}},"44":{"start":{"line":81,"column":10},"end":{"line":81,"column":106}},"45":{"start":{"line":82,"column":15},"end":{"line":88,"column":9}},"46":{"start":{"line":83,"column":10},"end":{"line":83,"column":105}},"47":{"start":{"line":84,"column":15},"end":{"line":88,"column":9}},"48":{"start":{"line":85,"column":10},"end":{"line":85,"column":97}},"49":{"start":{"line":87,"column":10},"end":{"line":87,"column":69}},"50":{"start":{"line":91,"column":6},"end":{"line":91,"column":34}},"51":{"start":{"line":93,"column":6},"end":{"line":93,"column":28}},"52":{"start":{"line":97,"column":2},"end":{"line":161,"column":3}},"53":{"start":{"line":141,"column":35},"end":{"line":141,"column":59}},"54":{"start":{"line":142,"column":32},"end":{"line":142,"column":48}},"55":{"start":{"line":151,"column":35},"end":{"line":151,"column":62}}},"fnMap":{"0":{"name":"isValidEmail","decl":{"start":{"line":10,"column":9},"end":{"line":10,"column":21}},"loc":{"start":{"line":10,"column":37},"end":{"line":14,"column":1}},"line":10},"1":{"name":"Login","decl":{"start":{"line":16,"column":9},"end":{"line":16,"column":14}},"loc":{"start":{"line":16,"column":17},"end":{"line":162,"column":1}},"line":16},"2":{"name":"(anonymous_2)","decl":{"start":{"line":25,"column":12},"end":{"line":25,"column":13}},"loc":{"start":{"line":25,"column":18},"end":{"line":31,"column":3}},"line":25},"3":{"name":"(anonymous_3)","decl":{"start":{"line":36,"column":35},"end":{"line":36,"column":36}},"loc":{"start":{"line":36,"column":41},"end":{"line":38,"column":3}},"line":36},"4":{"name":"(anonymous_4)","decl":{"start":{"line":40,"column":23},"end":{"line":40,"column":24}},"loc":{"start":{"line":40,"column":53},"end":{"line":95,"column":3}},"line":40},"5":{"name":"(anonymous_5)","decl":{"start":{"line":141,"column":28},"end":{"line":141,"column":29}},"loc":{"start":{"line":141,"column":35},"end":{"line":141,"column":59}},"line":141},"6":{"name":"(anonymous_6)","decl":{"start":{"line":142,"column":26},"end":{"line":142,"column":27}},"loc":{"start":{"line":142,"column":32},"end":{"line":142,"column":48}},"line":142},"7":{"name":"(anonymous_7)","decl":{"start":{"line":151,"column":28},"end":{"line":151,"column":29}},"loc":{"start":{"line":151,"column":35},"end":{"line":151,"column":62}},"line":151}},"branchMap":{"0":{"loc":{"start":{"line":11,"column":2},"end":{"line":11,"column":26}},"type":"if","locations":[{"start":{"line":11,"column":2},"end":{"line":11,"column":26}},{"start":{},"end":{}}],"line":11},"1":{"loc":{"start":{"line":27,"column":4},"end":{"line":30,"column":5}},"type":"if","locations":[{"start":{"line":27,"column":4},"end":{"line":30,"column":5}},{"start":{},"end":{}}],"line":27},"2":{"loc":{"start":{"line":33,"column":20},"end":{"line":33,"column":51}},"type":"binary-expr","locations":[{"start":{"line":33,"column":20},"end":{"line":33,"column":27}},{"start":{"line":33,"column":31},"end":{"line":33,"column":51}}],"line":33},"3":{"loc":{"start":{"line":34,"column":20},"end":{"line":34,"column":90}},"type":"cond-expr","locations":[{"start":{"line":34,"column":32},"end":{"line":34,"column":78}},{"start":{"line":34,"column":81},"end":{"line":34,"column":90}}],"line":34},"4":{"loc":{"start":{"line":46,"column":4},"end":{"line":49,"column":5}},"type":"if","locations":[{"start":{"line":46,"column":4},"end":{"line":49,"column":5}},{"start":{},"end":{}}],"line":46},"5":{"loc":{"start":{"line":51,"column":4},"end":{"line":54,"column":5}},"type":"if","locations":[{"start":{"line":51,"column":4},"end":{"line":54,"column":5}},{"start":{},"end":{}}],"line":51},"6":{"loc":{"start":{"line":56,"column":4},"end":{"line":59,"column":5}},"type":"if","locations":[{"start":{"line":56,"column":4},"end":{"line":59,"column":5}},{"start":{},"end":{}}],"line":56},"7":{"loc":{"start":{"line":75,"column":6},"end":{"line":89,"column":7}},"type":"if","locations":[{"start":{"line":75,"column":6},"end":{"line":89,"column":7}},{"start":{},"end":{}}],"line":75},"8":{"loc":{"start":{"line":78,"column":8},"end":{"line":88,"column":9}},"type":"if","locations":[{"start":{"line":78,"column":8},"end":{"line":88,"column":9}},{"start":{"line":80,"column":15},"end":{"line":88,"column":9}}],"line":78},"9":{"loc":{"start":{"line":78,"column":12},"end":{"line":78,"column":107}},"type":"binary-expr","locations":[{"start":{"line":78,"column":12},"end":{"line":78,"column":44}},{"start":{"line":78,"column":48},"end":{"line":78,"column":74}},{"start":{"line":78,"column":78},"end":{"line":78,"column":107}}],"line":78},"10":{"loc":{"start":{"line":80,"column":15},"end":{"line":88,"column":9}},"type":"if","locations":[{"start":{"line":80,"column":15},"end":{"line":88,"column":9}},{"start":{"line":82,"column":15},"end":{"line":88,"column":9}}],"line":80},"11":{"loc":{"start":{"line":80,"column":19},"end":{"line":80,"column":112}},"type":"binary-expr","locations":[{"start":{"line":80,"column":19},"end":{"line":80,"column":47}},{"start":{"line":80,"column":51},"end":{"line":80,"column":79}},{"start":{"line":80,"column":83},"end":{"line":80,"column":112}}],"line":80},"12":{"loc":{"start":{"line":82,"column":15},"end":{"line":88,"column":9}},"type":"if","locations":[{"start":{"line":82,"column":15},"end":{"line":88,"column":9}},{"start":{"line":84,"column":15},"end":{"line":88,"column":9}}],"line":82},"13":{"loc":{"start":{"line":82,"column":19},"end":{"line":82,"column":119}},"type":"binary-expr","locations":[{"start":{"line":82,"column":19},"end":{"line":82,"column":45}},{"start":{"line":82,"column":49},"end":{"line":82,"column":84}},{"start":{"line":82,"column":88},"end":{"line":82,"column":119}}],"line":82},"14":{"loc":{"start":{"line":84,"column":15},"end":{"line":88,"column":9}},"type":"if","locations":[{"start":{"line":84,"column":15},"end":{"line":88,"column":9}},{"start":{"line":86,"column":15},"end":{"line":88,"column":9}}],"line":84},"15":{"loc":{"start":{"line":84,"column":19},"end":{"line":84,"column":78}},"type":"binary-expr","locations":[{"start":{"line":84,"column":19},"end":{"line":84,"column":45}},{"start":{"line":84,"column":49},"end":{"line":84,"column":78}}],"line":84},"16":{"loc":{"start":{"line":105,"column":17},"end":{"line":110,"column":17}},"type":"binary-expr","locations":[{"start":{"line":105,"column":17},"end":{"line":105,"column":28}},{"start":{"line":106,"column":18},"end":{"line":109,"column":24}}],"line":105},"17":{"loc":{"start":{"line":116,"column":19},"end":{"line":116,"column":59}},"type":"cond-expr","locations":[{"start":{"line":116,"column":34},"end":{"line":116,"column":47}},{"start":{"line":116,"column":50},"end":{"line":116,"column":59}}],"line":116},"18":{"loc":{"start":{"line":147,"column":24},"end":{"line":147,"column":58}},"type":"cond-expr","locations":[{"start":{"line":147,"column":39},"end":{"line":147,"column":45}},{"start":{"line":147,"column":48},"end":{"line":147,"column":58}}],"line":147}},"s":{"0":0,"1":0,"2":0,"3":0,"4":0,"5":0,"6":0,"7":0,"8":0,"9":0,"10":0,"11":0,"12":0,"13":0,"14":0,"15":0,"16":0,"17":0,"18":0,"19":0,"20":0,"21":0,"22":0,"23":0,"24":0,"25":0,"26":0,"27":0,"28":0,"29":0,"30":0,"31":0,"32":0,"33":0,"34":0,"35":0,"36":0,"37":0,"38":0,"39":0,"40":0,"41":0,"42":0,"43":0,"44":0,"45":0,"46":0,"47":0,"48":0,"49":0,"50":0,"51":0,"52":0,"53":0,"54":0,"55":0},"f":{"0":0,"1":0,"2":0,"3":0,"4":0,"5":0,"6":0,"7":0},"b":{"0":[0,0],"1":[0,0],"2":[0,0],"3":[0,0],"4":[0,0],"5":[0,0],"6":[0,0],"7":[0,0],"8":[0,0],"9":[0,0,0],"10":[0,0],"11":[0,0,0],"12":[0,0],"13":[0,0,0],"14":[0,0],"15":[0,0],"16":[0,0],"17":[0,0],"18":[0,0]}}
,"/home/mateus/Área de Trabalho/Estudos/WEB4/pp1-web-olx/src/pages/MeusAnuncios.tsx": {"path":"/home/mateus/Área de Trabalho/Estudos/WEB4/pp1-web-olx/src/pages/MeusAnuncios.tsx","statementMap":{"0":{"start":{"line":8,"column":36},"end":{"line":8,"column":66}},"1":{"start":{"line":9,"column":34},"end":{"line":9,"column":53}},"2":{"start":{"line":11,"column":2},"end":{"line":25,"column":9}},"3":{"start":{"line":13,"column":26},"end":{"line":22,"column":5}},"4":{"start":{"line":14,"column":6},"end":{"line":21,"column":7}},"5":{"start":{"line":15,"column":21},"end":{"line":15,"column":40}},"6":{"start":{"line":16,"column":8},"end":{"line":18,"column":9}},"7":{"start":{"line":17,"column":10},"end":{"line":17,"column":28}},"8":{"start":{"line":20,"column":8},"end":{"line":20,"column":67}},"9":{"start":{"line":24,"column":4},"end":{"line":24,"column":20}},"10":{"start":{"line":27,"column":2},"end":{"line":106,"column":4}},"11":{"start":{"line":36,"column":31},"end":{"line":36,"column":56}},"12":{"start":{"line":46,"column":31},"end":{"line":46,"column":51}},"13":{"start":{"line":56,"column":31},"end":{"line":56,"column":54}}},"fnMap":{"0":{"name":"MeusAnuncios","decl":{"start":{"line":7,"column":24},"end":{"line":7,"column":36}},"loc":{"start":{"line":7,"column":39},"end":{"line":107,"column":1}},"line":7},"1":{"name":"(anonymous_1)","decl":{"start":{"line":11,"column":12},"end":{"line":11,"column":13}},"loc":{"start":{"line":11,"column":18},"end":{"line":25,"column":3}},"line":11},"2":{"name":"(anonymous_2)","decl":{"start":{"line":13,"column":26},"end":{"line":13,"column":27}},"loc":{"start":{"line":13,"column":38},"end":{"line":22,"column":5}},"line":13},"3":{"name":"(anonymous_3)","decl":{"start":{"line":36,"column":25},"end":{"line":36,"column":26}},"loc":{"start":{"line":36,"column":31},"end":{"line":36,"column":56}},"line":36},"4":{"name":"(anonymous_4)","decl":{"start":{"line":46,"column":25},"end":{"line":46,"column":26}},"loc":{"start":{"line":46,"column":31},"end":{"line":46,"column":51}},"line":46},"5":{"name":"(anonymous_5)","decl":{"start":{"line":56,"column":25},"end":{"line":56,"column":26}},"loc":{"start":{"line":56,"column":31},"end":{"line":56,"column":54}},"line":56}},"branchMap":{"0":{"loc":{"start":{"line":16,"column":8},"end":{"line":18,"column":9}},"type":"if","locations":[{"start":{"line":16,"column":8},"end":{"line":18,"column":9}},{"start":{},"end":{}}],"line":16},"1":{"loc":{"start":{"line":38,"column":18},"end":{"line":40,"column":98}},"type":"cond-expr","locations":[{"start":{"line":39,"column":22},"end":{"line":39,"column":57}},{"start":{"line":40,"column":22},"end":{"line":40,"column":98}}],"line":38},"2":{"loc":{"start":{"line":48,"column":18},"end":{"line":50,"column":98}},"type":"cond-expr","locations":[{"start":{"line":49,"column":22},"end":{"line":49,"column":57}},{"start":{"line":50,"column":22},"end":{"line":50,"column":98}}],"line":48},"3":{"loc":{"start":{"line":58,"column":18},"end":{"line":60,"column":98}},"type":"cond-expr","locations":[{"start":{"line":59,"column":22},"end":{"line":59,"column":57}},{"start":{"line":60,"column":22},"end":{"line":60,"column":98}}],"line":58},"4":{"loc":{"start":{"line":72,"column":15},"end":{"line":76,"column":15}},"type":"binary-expr","locations":[{"start":{"line":72,"column":15},"end":{"line":72,"column":23}},{"start":{"line":73,"column":16},"end":{"line":75,"column":22}}],"line":72},"5":{"loc":{"start":{"line":74,"column":62},"end":{"line":74,"column":93}},"type":"binary-expr","locations":[{"start":{"line":74,"column":62},"end":{"line":74,"column":75}},{"start":{"line":74,"column":79},"end":{"line":74,"column":93}}],"line":74},"6":{"loc":{"start":{"line":79,"column":13},"end":{"line":89,"column":13}},"type":"binary-expr","locations":[{"start":{"line":79,"column":13},"end":{"line":79,"column":38}},{"start":{"line":80,"column":14},"end":{"line":88,"column":20}}],"line":79},"7":{"loc":{"start":{"line":91,"column":13},"end":{"line":95,"column":13}},"type":"binary-expr","locations":[{"start":{"line":91,"column":13},"end":{"line":91,"column":33}},{"start":{"line":92,"column":14},"end":{"line":94,"column":20}}],"line":91},"8":{"loc":{"start":{"line":97,"column":13},"end":{"line":101,"column":13}},"type":"binary-expr","locations":[{"start":{"line":97,"column":13},"end":{"line":97,"column":36}},{"start":{"line":98,"column":14},"end":{"line":100,"column":20}}],"line":97}},"s":{"0":0,"1":0,"2":0,"3":0,"4":0,"5":0,"6":0,"7":0,"8":0,"9":0,"10":0,"11":0,"12":0,"13":0},"f":{"0":0,"1":0,"2":0,"3":0,"4":0,"5":0},"b":{"0":[0,0],"1":[0,0],"2":[0,0],"3":[0,0],"4":[0,0],"5":[0,0],"6":[0,0],"7":[0,0],"8":[0,0]}}
,"/home/mateus/Área de Trabalho/Estudos/WEB4/pp1-web-olx/src/pages/Perfil.tsx": {"path":"/home/mateus/Área de Trabalho/Estudos/WEB4/pp1-web-olx/src/pages/Perfil.tsx","statementMap":{"0":{"start":{"line":12,"column":34},"end":{"line":12,"column":77}},"1":{"start":{"line":13,"column":36},"end":{"line":13,"column":51}},"2":{"start":{"line":14,"column":36},"end":{"line":14,"column":50}},"3":{"start":{"line":15,"column":28},"end":{"line":15,"column":40}},"4":{"start":{"line":17,"column":2},"end":{"line":38,"column":9}},"5":{"start":{"line":18,"column":26},"end":{"line":35,"column":5}},"6":{"start":{"line":19,"column":6},"end":{"line":34,"column":7}},"7":{"start":{"line":20,"column":21},"end":{"line":20,"column":40}},"8":{"start":{"line":21,"column":8},"end":{"line":28,"column":9}},"9":{"start":{"line":22,"column":10},"end":{"line":27,"column":13}},"10":{"start":{"line":30,"column":8},"end":{"line":30,"column":66}},"11":{"start":{"line":31,"column":8},"end":{"line":31,"column":82}},"12":{"start":{"line":33,"column":8},"end":{"line":33,"column":28}},"13":{"start":{"line":37,"column":4},"end":{"line":37,"column":20}},"14":{"start":{"line":40,"column":28},"end":{"line":46,"column":3}},"15":{"start":{"line":41,"column":28},"end":{"line":41,"column":36}},"16":{"start":{"line":42,"column":4},"end":{"line":45,"column":8}},"17":{"start":{"line":42,"column":25},"end":{"line":45,"column":5}},"18":{"start":{"line":48,"column":23},"end":{"line":69,"column":3}},"19":{"start":{"line":49,"column":4},"end":{"line":49,"column":23}},"20":{"start":{"line":50,"column":4},"end":{"line":50,"column":17}},"21":{"start":{"line":52,"column":4},"end":{"line":55,"column":5}},"22":{"start":{"line":53,"column":6},"end":{"line":53,"column":49}},"23":{"start":{"line":54,"column":6},"end":{"line":54,"column":13}},"24":{"start":{"line":57,"column":4},"end":{"line":68,"column":5}},"25":{"start":{"line":60,"column":20},"end":{"line":60,"column":53}},"26":{"start":{"line":61,"column":6},"end":{"line":64,"column":7}},"27":{"start":{"line":62,"column":8},"end":{"line":62,"column":38}},"28":{"start":{"line":63,"column":8},"end":{"line":63,"column":28}},"29":{"start":{"line":66,"column":6},"end":{"line":66,"column":56}},"30":{"start":{"line":67,"column":6},"end":{"line":67,"column":72}},"31":{"start":{"line":72,"column":2},"end":{"line":78,"column":3}},"32":{"start":{"line":73,"column":4},"end":{"line":77,"column":6}},"33":{"start":{"line":80,"column":2},"end":{"line":209,"column":4}},"34":{"start":{"line":182,"column":37},"end":{"line":182,"column":56}},"35":{"start":{"line":197,"column":35},"end":{"line":197,"column":53}}},"fnMap":{"0":{"name":"Perfil","decl":{"start":{"line":11,"column":24},"end":{"line":11,"column":30}},"loc":{"start":{"line":11,"column":33},"end":{"line":210,"column":1}},"line":11},"1":{"name":"(anonymous_1)","decl":{"start":{"line":17,"column":12},"end":{"line":17,"column":13}},"loc":{"start":{"line":17,"column":18},"end":{"line":38,"column":3}},"line":17},"2":{"name":"(anonymous_2)","decl":{"start":{"line":18,"column":26},"end":{"line":18,"column":27}},"loc":{"start":{"line":18,"column":38},"end":{"line":35,"column":5}},"line":18},"3":{"name":"(anonymous_3)","decl":{"start":{"line":40,"column":28},"end":{"line":40,"column":29}},"loc":{"start":{"line":40,"column":94},"end":{"line":46,"column":3}},"line":40},"4":{"name":"(anonymous_4)","decl":{"start":{"line":42,"column":16},"end":{"line":42,"column":17}},"loc":{"start":{"line":42,"column":25},"end":{"line":45,"column":5}},"line":42},"5":{"name":"(anonymous_5)","decl":{"start":{"line":48,"column":23},"end":{"line":48,"column":24}},"loc":{"start":{"line":48,"column":53},"end":{"line":69,"column":3}},"line":48},"6":{"name":"(anonymous_6)","decl":{"start":{"line":182,"column":31},"end":{"line":182,"column":32}},"loc":{"start":{"line":182,"column":37},"end":{"line":182,"column":56}},"line":182},"7":{"name":"(anonymous_7)","decl":{"start":{"line":197,"column":29},"end":{"line":197,"column":30}},"loc":{"start":{"line":197,"column":35},"end":{"line":197,"column":53}},"line":197}},"branchMap":{"0":{"loc":{"start":{"line":21,"column":8},"end":{"line":28,"column":9}},"type":"if","locations":[{"start":{"line":21,"column":8},"end":{"line":28,"column":9}},{"start":{},"end":{}}],"line":21},"1":{"loc":{"start":{"line":23,"column":18},"end":{"line":23,"column":33}},"type":"binary-expr","locations":[{"start":{"line":23,"column":18},"end":{"line":23,"column":27}},{"start":{"line":23,"column":31},"end":{"line":23,"column":33}}],"line":23},"2":{"loc":{"start":{"line":24,"column":19},"end":{"line":24,"column":35}},"type":"binary-expr","locations":[{"start":{"line":24,"column":19},"end":{"line":24,"column":29}},{"start":{"line":24,"column":33},"end":{"line":24,"column":35}}],"line":24},"3":{"loc":{"start":{"line":25,"column":19},"end":{"line":25,"column":35}},"type":"binary-expr","locations":[{"start":{"line":25,"column":19},"end":{"line":25,"column":29}},{"start":{"line":25,"column":33},"end":{"line":25,"column":35}}],"line":25},"4":{"loc":{"start":{"line":26,"column":21},"end":{"line":26,"column":39}},"type":"binary-expr","locations":[{"start":{"line":26,"column":21},"end":{"line":26,"column":33}},{"start":{"line":26,"column":37},"end":{"line":26,"column":39}}],"line":26},"5":{"loc":{"start":{"line":52,"column":4},"end":{"line":55,"column":5}},"type":"if","locations":[{"start":{"line":52,"column":4},"end":{"line":55,"column":5}},{"start":{},"end":{}}],"line":52},"6":{"loc":{"start":{"line":52,"column":8},"end":{"line":52,"column":41}},"type":"binary-expr","locations":[{"start":{"line":52,"column":8},"end":{"line":52,"column":22}},{"start":{"line":52,"column":26},"end":{"line":52,"column":41}}],"line":52},"7":{"loc":{"start":{"line":61,"column":6},"end":{"line":64,"column":7}},"type":"if","locations":[{"start":{"line":61,"column":6},"end":{"line":64,"column":7}},{"start":{},"end":{}}],"line":61},"8":{"loc":{"start":{"line":72,"column":2},"end":{"line":78,"column":3}},"type":"if","locations":[{"start":{"line":72,"column":2},"end":{"line":78,"column":3}},{"start":{},"end":{}}],"line":72},"9":{"loc":{"start":{"line":90,"column":13},"end":{"line":94,"column":13}},"type":"binary-expr","locations":[{"start":{"line":90,"column":13},"end":{"line":90,"column":18}},{"start":{"line":91,"column":14},"end":{"line":93,"column":20}}],"line":90},"10":{"loc":{"start":{"line":102,"column":19},"end":{"line":114,"column":19}},"type":"cond-expr","locations":[{"start":{"line":103,"column":20},"end":{"line":111,"column":22}},{"start":{"line":113,"column":20},"end":{"line":113,"column":73}}],"line":102},"11":{"loc":{"start":{"line":121,"column":19},"end":{"line":133,"column":19}},"type":"cond-expr","locations":[{"start":{"line":122,"column":20},"end":{"line":130,"column":22}},{"start":{"line":132,"column":20},"end":{"line":132,"column":74}}],"line":121},"12":{"loc":{"start":{"line":140,"column":19},"end":{"line":152,"column":19}},"type":"cond-expr","locations":[{"start":{"line":141,"column":20},"end":{"line":149,"column":22}},{"start":{"line":151,"column":20},"end":{"line":151,"column":93}}],"line":140},"13":{"loc":{"start":{"line":145,"column":29},"end":{"line":145,"column":49}},"type":"binary-expr","locations":[{"start":{"line":145,"column":29},"end":{"line":145,"column":43}},{"start":{"line":145,"column":47},"end":{"line":145,"column":49}}],"line":145},"14":{"loc":{"start":{"line":151,"column":55},"end":{"line":151,"column":88}},"type":"binary-expr","locations":[{"start":{"line":151,"column":55},"end":{"line":151,"column":69}},{"start":{"line":151,"column":73},"end":{"line":151,"column":88}}],"line":151},"15":{"loc":{"start":{"line":159,"column":19},"end":{"line":173,"column":19}},"type":"cond-expr","locations":[{"start":{"line":160,"column":20},"end":{"line":168,"column":22}},{"start":{"line":170,"column":20},"end":{"line":172,"column":24}}],"line":159},"16":{"loc":{"start":{"line":164,"column":29},"end":{"line":164,"column":51}},"type":"binary-expr","locations":[{"start":{"line":164,"column":29},"end":{"line":164,"column":45}},{"start":{"line":164,"column":49},"end":{"line":164,"column":51}}],"line":164},"17":{"loc":{"start":{"line":171,"column":23},"end":{"line":171,"column":58}},"type":"binary-expr","locations":[{"start":{"line":171,"column":23},"end":{"line":171,"column":39}},{"start":{"line":171,"column":43},"end":{"line":171,"column":58}}],"line":171},"18":{"loc":{"start":{"line":178,"column":17},"end":{"line":202,"column":17}},"type":"cond-expr","locations":[{"start":{"line":179,"column":18},"end":{"line":193,"column":21}},{"start":{"line":195,"column":18},"end":{"line":201,"column":27}}],"line":178}},"s":{"0":11,"1":11,"2":11,"3":11,"4":11,"5":4,"6":4,"7":4,"8":4,"9":4,"10":0,"11":0,"12":4,"13":4,"14":11,"15":0,"16":0,"17":0,"18":11,"19":0,"20":0,"21":0,"22":0,"23":0,"24":0,"25":0,"26":0,"27":0,"28":0,"29":0,"30":0,"31":11,"32":4,"33":7,"34":1,"35":2},"f":{"0":11,"1":4,"2":4,"3":0,"4":0,"5":0,"6":1,"7":2},"b":{"0":[4,0],"1":[4,0],"2":[4,0],"3":[4,3],"4":[4,3],"5":[0,0],"6":[0,0],"7":[0,0],"8":[4,7],"9":[7,0],"10":[2,5],"11":[2,5],"12":[2,5],"13":[2,2],"14":[5,4],"15":[2,5],"16":[2,2],"17":[5,4],"18":[2,5]},"_coverageSchema":"1a1c01bbd47fc00a2c39e90264f33305004495a9","hash":"b82d52f77d5fc31b0bdc13149ee34c2de1ba0529"}
,"/home/mateus/Área de Trabalho/Estudos/WEB4/pp1-web-olx/src/pages/RecuperacaoSenha.tsx": {"path":"/home/mateus/Área de Trabalho/Estudos/WEB4/pp1-web-olx/src/pages/RecuperacaoSenha.tsx","statementMap":{"0":{"start":{"line":7,"column":2},"end":{"line":7,"column":32}},"1":{"start":{"line":11,"column":28},"end":{"line":11,"column":40}},"2":{"start":{"line":12,"column":32},"end":{"line":12,"column":47}},"3":{"start":{"line":13,"column":16},"end":{"line":13,"column":131}},"4":{"start":{"line":15,"column":2},"end":{"line":45,"column":3}},"5":{"start":{"line":31,"column":33},"end":{"line":31,"column":57}},"6":{"start":{"line":32,"column":30},"end":{"line":32,"column":46}}},"fnMap":{"0":{"name":"isEmail","decl":{"start":{"line":6,"column":9},"end":{"line":6,"column":16}},"loc":{"start":{"line":6,"column":32},"end":{"line":8,"column":1}},"line":6},"1":{"name":"RecuperacaoSenha","decl":{"start":{"line":10,"column":9},"end":{"line":10,"column":25}},"loc":{"start":{"line":10,"column":28},"end":{"line":46,"column":1}},"line":10},"2":{"name":"(anonymous_2)","decl":{"start":{"line":31,"column":26},"end":{"line":31,"column":27}},"loc":{"start":{"line":31,"column":33},"end":{"line":31,"column":57}},"line":31},"3":{"name":"(anonymous_3)","decl":{"start":{"line":32,"column":24},"end":{"line":32,"column":25}},"loc":{"start":{"line":32,"column":30},"end":{"line":32,"column":46}},"line":32}},"branchMap":{"0":{"loc":{"start":{"line":13,"column":16},"end":{"line":13,"column":131}},"type":"cond-expr","locations":[{"start":{"line":13,"column":27},"end":{"line":13,"column":118}},{"start":{"line":13,"column":122},"end":{"line":13,"column":131}}],"line":13},"1":{"loc":{"start":{"line":13,"column":27},"end":{"line":13,"column":118}},"type":"cond-expr","locations":[{"start":{"line":13,"column":36},"end":{"line":13,"column":56}},{"start":{"line":13,"column":60},"end":{"line":13,"column":117}}],"line":13},"2":{"loc":{"start":{"line":13,"column":60},"end":{"line":13,"column":117}},"type":"cond-expr","locations":[{"start":{"line":13,"column":78},"end":{"line":13,"column":105}},{"start":{"line":13,"column":108},"end":{"line":13,"column":117}}],"line":13}},"s":{"0":0,"1":0,"2":0,"3":0,"4":0,"5":0,"6":0},"f":{"0":0,"1":0,"2":0,"3":0},"b":{"0":[0,0],"1":[0,0],"2":[0,0]}}
,"/home/mateus/Área de Trabalho/Estudos/WEB4/pp1-web-olx/src/pages/Register.tsx": {"path":"/home/mateus/Área de Trabalho/Estudos/WEB4/pp1-web-olx/src/pages/Register.tsx","statementMap":{"0":{"start":{"line":8,"column":2},"end":{"line":8,"column":32}},"1":{"start":{"line":12,"column":17},"end":{"line":12,"column":53}},"2":{"start":{"line":13,"column":16},"end":{"line":13,"column":92}},"3":{"start":{"line":14,"column":2},"end":{"line":14,"column":24}},"4":{"start":{"line":19,"column":17},"end":{"line":19,"column":54}},"5":{"start":{"line":20,"column":16},"end":{"line":25,"column":19}},"6":{"start":{"line":27,"column":2},"end":{"line":27,"column":41}},"7":{"start":{"line":27,"column":26},"end":{"line":27,"column":41}},"8":{"start":{"line":28,"column":2},"end":{"line":28,"column":58}},"9":{"start":{"line":28,"column":26},"end":{"line":28,"column":58}},"10":{"start":{"line":29,"column":2},"end":{"line":29,"column":70}},"11":{"start":{"line":29,"column":26},"end":{"line":29,"column":70}},"12":{"start":{"line":30,"column":2},"end":{"line":30,"column":82}},"13":{"start":{"line":30,"column":26},"end":{"line":30,"column":82}},"14":{"start":{"line":31,"column":2},"end":{"line":31,"column":14}},"15":{"start":{"line":35,"column":17},"end":{"line":35,"column":54}},"16":{"start":{"line":36,"column":16},"end":{"line":42,"column":19}},"17":{"start":{"line":44,"column":2},"end":{"line":44,"column":41}},"18":{"start":{"line":44,"column":26},"end":{"line":44,"column":41}},"19":{"start":{"line":45,"column":2},"end":{"line":45,"column":58}},"20":{"start":{"line":45,"column":26},"end":{"line":45,"column":58}},"21":{"start":{"line":46,"column":2},"end":{"line":46,"column":70}},"22":{"start":{"line":46,"column":26},"end":{"line":46,"column":70}},"23":{"start":{"line":47,"column":2},"end":{"line":47,"column":82}},"24":{"start":{"line":47,"column":26},"end":{"line":47,"column":82}},"25":{"start":{"line":48,"column":2},"end":{"line":48,"column":94}},"26":{"start":{"line":48,"column":26},"end":{"line":48,"column":94}},"27":{"start":{"line":49,"column":2},"end":{"line":49,"column":14}},"28":{"start":{"line":53,"column":18},"end":{"line":53,"column":40}},"29":{"start":{"line":54,"column":2},"end":{"line":54,"column":41}},"30":{"start":{"line":54,"column":29},"end":{"line":54,"column":41}},"31":{"start":{"line":57,"column":2},"end":{"line":57,"column":13}},"32":{"start":{"line":61,"column":18},"end":{"line":61,"column":41}},"33":{"start":{"line":62,"column":2},"end":{"line":62,"column":41}},"34":{"start":{"line":62,"column":29},"end":{"line":62,"column":41}},"35":{"start":{"line":65,"column":2},"end":{"line":65,"column":13}},"36":{"start":{"line":69,"column":2},"end":{"line":69,"column":56}},"37":{"start":{"line":69,"column":44},"end":{"line":69,"column":56}},"38":{"start":{"line":70,"column":25},"end":{"line":70,"column":53}},"39":{"start":{"line":71,"column":15},"end":{"line":71,"column":41}},"40":{"start":{"line":72,"column":2},"end":{"line":72,"column":91}},"41":{"start":{"line":78,"column":40},"end":{"line":78,"column":67}},"42":{"start":{"line":79,"column":32},"end":{"line":79,"column":44}},"43":{"start":{"line":80,"column":34},"end":{"line":80,"column":46}},"44":{"start":{"line":81,"column":28},"end":{"line":81,"column":40}},"45":{"start":{"line":82,"column":34},"end":{"line":82,"column":46}},"46":{"start":{"line":83,"column":28},"end":{"line":83,"column":40}},"47":{"start":{"line":84,"column":34},"end":{"line":84,"column":46}},"48":{"start":{"line":85,"column":48},"end":{"line":85,"column":60}},"49":{"start":{"line":86,"column":42},"end":{"line":86,"column":57}},"50":{"start":{"line":87,"column":56},"end":{"line":87,"column":71}},"51":{"start":{"line":88,"column":28},"end":{"line":88,"column":43}},"52":{"start":{"line":89,"column":32},"end":{"line":89,"column":69}},"53":{"start":{"line":90,"column":42},"end":{"line":90,"column":57}},"54":{"start":{"line":91,"column":34},"end":{"line":91,"column":143}},"55":{"start":{"line":92,"column":40},"end":{"line":92,"column":128}},"56":{"start":{"line":93,"column":24},"end":{"line":93,"column":36}},"57":{"start":{"line":94,"column":30},"end":{"line":94,"column":42}},"58":{"start":{"line":95,"column":30},"end":{"line":95,"column":42}},"59":{"start":{"line":96,"column":24},"end":{"line":96,"column":36}},"60":{"start":{"line":97,"column":30},"end":{"line":97,"column":42}},"61":{"start":{"line":98,"column":42},"end":{"line":98,"column":57}},"62":{"start":{"line":101,"column":20},"end":{"line":127,"column":3}},"63":{"start":{"line":102,"column":4},"end":{"line":126,"column":5}},"64":{"start":{"line":103,"column":6},"end":{"line":103,"column":28}},"65":{"start":{"line":104,"column":23},"end":{"line":104,"column":75}},"66":{"start":{"line":105,"column":19},"end":{"line":105,"column":40}},"67":{"start":{"line":107,"column":6},"end":{"line":117,"column":7}},"68":{"start":{"line":108,"column":8},"end":{"line":108,"column":33}},"69":{"start":{"line":109,"column":8},"end":{"line":109,"column":41}},"70":{"start":{"line":110,"column":8},"end":{"line":110,"column":38}},"71":{"start":{"line":112,"column":8},"end":{"line":112,"column":51}},"72":{"start":{"line":114,"column":8},"end":{"line":114,"column":22}},"73":{"start":{"line":115,"column":8},"end":{"line":115,"column":22}},"74":{"start":{"line":116,"column":8},"end":{"line":116,"column":19}},"75":{"start":{"line":119,"column":6},"end":{"line":119,"column":50}},"76":{"start":{"line":121,"column":6},"end":{"line":121,"column":20}},"77":{"start":{"line":122,"column":6},"end":{"line":122,"column":20}},"78":{"start":{"line":123,"column":6},"end":{"line":123,"column":17}},"79":{"start":{"line":125,"column":6},"end":{"line":125,"column":29}},"80":{"start":{"line":129,"column":20},"end":{"line":135,"column":17}},"81":{"start":{"line":129,"column":35},"end":{"line":135,"column":3}},"82":{"start":{"line":137,"column":53},"end":{"line":171,"column":3}},"83":{"start":{"line":173,"column":23},"end":{"line":285,"column":3}},"84":{"start":{"line":174,"column":4},"end":{"line":174,"column":22}},"85":{"start":{"line":175,"column":51},"end":{"line":186,"column":5}},"86":{"start":{"line":188,"column":4},"end":{"line":190,"column":5}},"87":{"start":{"line":189,"column":6},"end":{"line":189,"column":32}},"88":{"start":{"line":192,"column":4},"end":{"line":192,"column":57}},"89":{"start":{"line":192,"column":26},"end":{"line":192,"column":55}},"90":{"start":{"line":195,"column":22},"end":{"line":195,"column":78}},"91":{"start":{"line":195,"column":58},"end":{"line":195,"column":77}},"92":{"start":{"line":197,"column":4},"end":{"line":197,"column":25}},"93":{"start":{"line":197,"column":19},"end":{"line":197,"column":25}},"94":{"start":{"line":199,"column":4},"end":{"line":199,"column":24}},"95":{"start":{"line":200,"column":4},"end":{"line":200,"column":21}},"96":{"start":{"line":201,"column":4},"end":{"line":201,"column":25}},"97":{"start":{"line":203,"column":4},"end":{"line":284,"column":5}},"98":{"start":{"line":204,"column":27},"end":{"line":204,"column":29}},"99":{"start":{"line":208,"column":6},"end":{"line":220,"column":7}},"100":{"start":{"line":209,"column":8},"end":{"line":211,"column":9}},"101":{"start":{"line":210,"column":10},"end":{"line":210,"column":81}},"102":{"start":{"line":214,"column":35},"end":{"line":214,"column":51}},"103":{"start":{"line":215,"column":8},"end":{"line":217,"column":9}},"104":{"start":{"line":216,"column":10},"end":{"line":216,"column":83}},"105":{"start":{"line":219,"column":8},"end":{"line":219,"column":85}},"106":{"start":{"line":223,"column":27},"end":{"line":223,"column":49}},"107":{"start":{"line":224,"column":6},"end":{"line":226,"column":7}},"108":{"start":{"line":225,"column":8},"end":{"line":225,"column":50}},"109":{"start":{"line":228,"column":23},"end":{"line":240,"column":7}},"110":{"start":{"line":242,"column":6},"end":{"line":242,"column":47}},"111":{"start":{"line":244,"column":6},"end":{"line":244,"column":36}},"112":{"start":{"line":246,"column":6},"end":{"line":258,"column":8}},"113":{"start":{"line":260,"column":6},"end":{"line":260,"column":56}},"114":{"start":{"line":262,"column":25},"end":{"line":262,"column":97}},"115":{"start":{"line":264,"column":6},"end":{"line":274,"column":7}},"116":{"start":{"line":265,"column":8},"end":{"line":273,"column":9}},"117":{"start":{"line":266,"column":10},"end":{"line":266,"column":122}},"118":{"start":{"line":267,"column":15},"end":{"line":273,"column":9}},"119":{"start":{"line":268,"column":10},"end":{"line":268,"column":111}},"120":{"start":{"line":269,"column":15},"end":{"line":273,"column":9}},"121":{"start":{"line":270,"column":10},"end":{"line":270,"column":98}},"122":{"start":{"line":272,"column":10},"end":{"line":272,"column":36}},"123":{"start":{"line":276,"column":6},"end":{"line":281,"column":8}},"124":{"start":{"line":283,"column":6},"end":{"line":283,"column":28}},"125":{"start":{"line":287,"column":15},"end":{"line":300,"column":3}},"126":{"start":{"line":288,"column":4},"end":{"line":299,"column":10}},"127":{"start":{"line":302,"column":2},"end":{"line":604,"column":3}},"128":{"start":{"line":325,"column":38},"end":{"line":325,"column":58}},"129":{"start":{"line":334,"column":38},"end":{"line":334,"column":58}},"130":{"start":{"line":351,"column":37},"end":{"line":351,"column":122}},"131":{"start":{"line":352,"column":34},"end":{"line":352,"column":78}},"132":{"start":{"line":352,"column":53},"end":{"line":352,"column":76}},"133":{"start":{"line":361,"column":37},"end":{"line":361,"column":64}},"134":{"start":{"line":362,"column":34},"end":{"line":362,"column":79}},"135":{"start":{"line":362,"column":53},"end":{"line":362,"column":77}},"136":{"start":{"line":375,"column":41},"end":{"line":375,"column":75}},"137":{"start":{"line":376,"column":38},"end":{"line":376,"column":80}},"138":{"start":{"line":376,"column":57},"end":{"line":376,"column":78}},"139":{"start":{"line":387,"column":38},"end":{"line":387,"column":71}},"140":{"start":{"line":388,"column":47},"end":{"line":388,"column":52}},"141":{"start":{"line":390,"column":26},"end":{"line":390,"column":75}},"142":{"start":{"line":390,"column":49},"end":{"line":390,"column":75}},"143":{"start":{"line":391,"column":26},"end":{"line":399,"column":27}},"144":{"start":{"line":392,"column":28},"end":{"line":392,"column":100}},"145":{"start":{"line":393,"column":33},"end":{"line":399,"column":27}},"146":{"start":{"line":394,"column":28},"end":{"line":394,"column":102}},"147":{"start":{"line":395,"column":33},"end":{"line":399,"column":27}},"148":{"start":{"line":396,"column":28},"end":{"line":396,"column":90}},"149":{"start":{"line":397,"column":33},"end":{"line":399,"column":27}},"150":{"start":{"line":398,"column":28},"end":{"line":398,"column":75}},"151":{"start":{"line":401,"column":26},"end":{"line":401,"column":53}},"152":{"start":{"line":403,"column":38},"end":{"line":403,"column":83}},"153":{"start":{"line":403,"column":57},"end":{"line":403,"column":81}},"154":{"start":{"line":418,"column":37},"end":{"line":418,"column":63}},"155":{"start":{"line":437,"column":44},"end":{"line":437,"column":89}},"156":{"start":{"line":438,"column":30},"end":{"line":438,"column":44}},"157":{"start":{"line":441,"column":30},"end":{"line":443,"column":31}},"158":{"start":{"line":442,"column":32},"end":{"line":442,"column":49}},"159":{"start":{"line":445,"column":42},"end":{"line":445,"column":82}},"160":{"start":{"line":445,"column":61},"end":{"line":445,"column":80}},"161":{"start":{"line":463,"column":45},"end":{"line":463,"column":70}},"162":{"start":{"line":464,"column":42},"end":{"line":464,"column":85}},"163":{"start":{"line":464,"column":61},"end":{"line":464,"column":83}},"164":{"start":{"line":474,"column":45},"end":{"line":474,"column":96}},"165":{"start":{"line":475,"column":42},"end":{"line":475,"column":85}},"166":{"start":{"line":475,"column":61},"end":{"line":475,"column":83}},"167":{"start":{"line":487,"column":45},"end":{"line":487,"column":89}},"168":{"start":{"line":488,"column":42},"end":{"line":488,"column":85}},"169":{"start":{"line":488,"column":61},"end":{"line":488,"column":83}},"170":{"start":{"line":499,"column":43},"end":{"line":499,"column":65}},"171":{"start":{"line":500,"column":40},"end":{"line":500,"column":80}},"172":{"start":{"line":500,"column":59},"end":{"line":500,"column":78}},"173":{"start":{"line":514,"column":37},"end":{"line":514,"column":61}},"174":{"start":{"line":515,"column":34},"end":{"line":515,"column":76}},"175":{"start":{"line":515,"column":53},"end":{"line":515,"column":74}},"176":{"start":{"line":529,"column":41},"end":{"line":529,"column":68}},"177":{"start":{"line":530,"column":38},"end":{"line":530,"column":83}},"178":{"start":{"line":530,"column":57},"end":{"line":530,"column":81}},"179":{"start":{"line":535,"column":39},"end":{"line":535,"column":69}},"180":{"start":{"line":549,"column":41},"end":{"line":549,"column":75}},"181":{"start":{"line":550,"column":38},"end":{"line":550,"column":90}},"182":{"start":{"line":550,"column":57},"end":{"line":550,"column":88}},"183":{"start":{"line":555,"column":39},"end":{"line":555,"column":83}}},"fnMap":{"0":{"name":"isEmail","decl":{"start":{"line":7,"column":9},"end":{"line":7,"column":16}},"loc":{"start":{"line":7,"column":32},"end":{"line":9,"column":1}},"line":7},"1":{"name":"maskDate","decl":{"start":{"line":11,"column":9},"end":{"line":11,"column":17}},"loc":{"start":{"line":11,"column":33},"end":{"line":15,"column":1}},"line":11},"2":{"name":"maskCPF","decl":{"start":{"line":18,"column":9},"end":{"line":18,"column":16}},"loc":{"start":{"line":18,"column":32},"end":{"line":32,"column":1}},"line":18},"3":{"name":"maskCNPJ","decl":{"start":{"line":34,"column":9},"end":{"line":34,"column":17}},"loc":{"start":{"line":34,"column":33},"end":{"line":50,"column":1}},"line":34},"4":{"name":"isValidCPF","decl":{"start":{"line":52,"column":9},"end":{"line":52,"column":19}},"loc":{"start":{"line":52,"column":33},"end":{"line":58,"column":1}},"line":52},"5":{"name":"isValidCNPJ","decl":{"start":{"line":60,"column":9},"end":{"line":60,"column":20}},"loc":{"start":{"line":60,"column":35},"end":{"line":66,"column":1}},"line":60},"6":{"name":"isValidDateDDMMYYYY","decl":{"start":{"line":68,"column":9},"end":{"line":68,"column":28}},"loc":{"start":{"line":68,"column":44},"end":{"line":73,"column":1}},"line":68},"7":{"name":"Register","decl":{"start":{"line":77,"column":9},"end":{"line":77,"column":17}},"loc":{"start":{"line":77,"column":20},"end":{"line":605,"column":1}},"line":77},"8":{"name":"(anonymous_8)","decl":{"start":{"line":101,"column":20},"end":{"line":101,"column":21}},"loc":{"start":{"line":101,"column":43},"end":{"line":127,"column":3}},"line":101},"9":{"name":"(anonymous_9)","decl":{"start":{"line":129,"column":28},"end":{"line":129,"column":29}},"loc":{"start":{"line":129,"column":35},"end":{"line":135,"column":3}},"line":129},"10":{"name":"(anonymous_10)","decl":{"start":{"line":173,"column":23},"end":{"line":173,"column":24}},"loc":{"start":{"line":173,"column":53},"end":{"line":285,"column":3}},"line":173},"11":{"name":"(anonymous_11)","decl":{"start":{"line":192,"column":15},"end":{"line":192,"column":16}},"loc":{"start":{"line":192,"column":26},"end":{"line":192,"column":55}},"line":192},"12":{"name":"(anonymous_12)","decl":{"start":{"line":195,"column":49},"end":{"line":195,"column":50}},"loc":{"start":{"line":195,"column":58},"end":{"line":195,"column":77}},"line":195},"13":{"name":"(anonymous_13)","decl":{"start":{"line":287,"column":15},"end":{"line":287,"column":16}},"loc":{"start":{"line":288,"column":4},"end":{"line":299,"column":10}},"line":288},"14":{"name":"(anonymous_14)","decl":{"start":{"line":325,"column":32},"end":{"line":325,"column":33}},"loc":{"start":{"line":325,"column":38},"end":{"line":325,"column":58}},"line":325},"15":{"name":"(anonymous_15)","decl":{"start":{"line":334,"column":32},"end":{"line":334,"column":33}},"loc":{"start":{"line":334,"column":38},"end":{"line":334,"column":58}},"line":334},"16":{"name":"(anonymous_16)","decl":{"start":{"line":351,"column":30},"end":{"line":351,"column":31}},"loc":{"start":{"line":351,"column":37},"end":{"line":351,"column":122}},"line":351},"17":{"name":"(anonymous_17)","decl":{"start":{"line":352,"column":28},"end":{"line":352,"column":29}},"loc":{"start":{"line":352,"column":34},"end":{"line":352,"column":78}},"line":352},"18":{"name":"(anonymous_18)","decl":{"start":{"line":352,"column":45},"end":{"line":352,"column":46}},"loc":{"start":{"line":352,"column":53},"end":{"line":352,"column":76}},"line":352},"19":{"name":"(anonymous_19)","decl":{"start":{"line":361,"column":30},"end":{"line":361,"column":31}},"loc":{"start":{"line":361,"column":37},"end":{"line":361,"column":64}},"line":361},"20":{"name":"(anonymous_20)","decl":{"start":{"line":362,"column":28},"end":{"line":362,"column":29}},"loc":{"start":{"line":362,"column":34},"end":{"line":362,"column":79}},"line":362},"21":{"name":"(anonymous_21)","decl":{"start":{"line":362,"column":45},"end":{"line":362,"column":46}},"loc":{"start":{"line":362,"column":53},"end":{"line":362,"column":77}},"line":362},"22":{"name":"(anonymous_22)","decl":{"start":{"line":375,"column":34},"end":{"line":375,"column":35}},"loc":{"start":{"line":375,"column":41},"end":{"line":375,"column":75}},"line":375},"23":{"name":"(anonymous_23)","decl":{"start":{"line":376,"column":32},"end":{"line":376,"column":33}},"loc":{"start":{"line":376,"column":38},"end":{"line":376,"column":80}},"line":376},"24":{"name":"(anonymous_24)","decl":{"start":{"line":376,"column":49},"end":{"line":376,"column":50}},"loc":{"start":{"line":376,"column":57},"end":{"line":376,"column":78}},"line":376},"25":{"name":"(anonymous_25)","decl":{"start":{"line":386,"column":34},"end":{"line":386,"column":35}},"loc":{"start":{"line":386,"column":41},"end":{"line":402,"column":25}},"line":386},"26":{"name":"(anonymous_26)","decl":{"start":{"line":403,"column":32},"end":{"line":403,"column":33}},"loc":{"start":{"line":403,"column":38},"end":{"line":403,"column":83}},"line":403},"27":{"name":"(anonymous_27)","decl":{"start":{"line":403,"column":49},"end":{"line":403,"column":50}},"loc":{"start":{"line":403,"column":57},"end":{"line":403,"column":81}},"line":403},"28":{"name":"(anonymous_28)","decl":{"start":{"line":418,"column":30},"end":{"line":418,"column":31}},"loc":{"start":{"line":418,"column":37},"end":{"line":418,"column":63}},"line":418},"29":{"name":"(anonymous_29)","decl":{"start":{"line":435,"column":38},"end":{"line":435,"column":39}},"loc":{"start":{"line":435,"column":45},"end":{"line":444,"column":29}},"line":435},"30":{"name":"(anonymous_30)","decl":{"start":{"line":445,"column":36},"end":{"line":445,"column":37}},"loc":{"start":{"line":445,"column":42},"end":{"line":445,"column":82}},"line":445},"31":{"name":"(anonymous_31)","decl":{"start":{"line":445,"column":53},"end":{"line":445,"column":54}},"loc":{"start":{"line":445,"column":61},"end":{"line":445,"column":80}},"line":445},"32":{"name":"(anonymous_32)","decl":{"start":{"line":463,"column":38},"end":{"line":463,"column":39}},"loc":{"start":{"line":463,"column":45},"end":{"line":463,"column":70}},"line":463},"33":{"name":"(anonymous_33)","decl":{"start":{"line":464,"column":36},"end":{"line":464,"column":37}},"loc":{"start":{"line":464,"column":42},"end":{"line":464,"column":85}},"line":464},"34":{"name":"(anonymous_34)","decl":{"start":{"line":464,"column":53},"end":{"line":464,"column":54}},"loc":{"start":{"line":464,"column":61},"end":{"line":464,"column":83}},"line":464},"35":{"name":"(anonymous_35)","decl":{"start":{"line":474,"column":38},"end":{"line":474,"column":39}},"loc":{"start":{"line":474,"column":45},"end":{"line":474,"column":96}},"line":474},"36":{"name":"(anonymous_36)","decl":{"start":{"line":475,"column":36},"end":{"line":475,"column":37}},"loc":{"start":{"line":475,"column":42},"end":{"line":475,"column":85}},"line":475},"37":{"name":"(anonymous_37)","decl":{"start":{"line":475,"column":53},"end":{"line":475,"column":54}},"loc":{"start":{"line":475,"column":61},"end":{"line":475,"column":83}},"line":475},"38":{"name":"(anonymous_38)","decl":{"start":{"line":487,"column":38},"end":{"line":487,"column":39}},"loc":{"start":{"line":487,"column":45},"end":{"line":487,"column":89}},"line":487},"39":{"name":"(anonymous_39)","decl":{"start":{"line":488,"column":36},"end":{"line":488,"column":37}},"loc":{"start":{"line":488,"column":42},"end":{"line":488,"column":85}},"line":488},"40":{"name":"(anonymous_40)","decl":{"start":{"line":488,"column":53},"end":{"line":488,"column":54}},"loc":{"start":{"line":488,"column":61},"end":{"line":488,"column":83}},"line":488},"41":{"name":"(anonymous_41)","decl":{"start":{"line":499,"column":36},"end":{"line":499,"column":37}},"loc":{"start":{"line":499,"column":43},"end":{"line":499,"column":65}},"line":499},"42":{"name":"(anonymous_42)","decl":{"start":{"line":500,"column":34},"end":{"line":500,"column":35}},"loc":{"start":{"line":500,"column":40},"end":{"line":500,"column":80}},"line":500},"43":{"name":"(anonymous_43)","decl":{"start":{"line":500,"column":51},"end":{"line":500,"column":52}},"loc":{"start":{"line":500,"column":59},"end":{"line":500,"column":78}},"line":500},"44":{"name":"(anonymous_44)","decl":{"start":{"line":514,"column":30},"end":{"line":514,"column":31}},"loc":{"start":{"line":514,"column":37},"end":{"line":514,"column":61}},"line":514},"45":{"name":"(anonymous_45)","decl":{"start":{"line":515,"column":28},"end":{"line":515,"column":29}},"loc":{"start":{"line":515,"column":34},"end":{"line":515,"column":76}},"line":515},"46":{"name":"(anonymous_46)","decl":{"start":{"line":515,"column":45},"end":{"line":515,"column":46}},"loc":{"start":{"line":515,"column":53},"end":{"line":515,"column":74}},"line":515},"47":{"name":"(anonymous_47)","decl":{"start":{"line":529,"column":34},"end":{"line":529,"column":35}},"loc":{"start":{"line":529,"column":41},"end":{"line":529,"column":68}},"line":529},"48":{"name":"(anonymous_48)","decl":{"start":{"line":530,"column":32},"end":{"line":530,"column":33}},"loc":{"start":{"line":530,"column":38},"end":{"line":530,"column":83}},"line":530},"49":{"name":"(anonymous_49)","decl":{"start":{"line":530,"column":49},"end":{"line":530,"column":50}},"loc":{"start":{"line":530,"column":57},"end":{"line":530,"column":81}},"line":530},"50":{"name":"(anonymous_50)","decl":{"start":{"line":535,"column":33},"end":{"line":535,"column":34}},"loc":{"start":{"line":535,"column":39},"end":{"line":535,"column":69}},"line":535},"51":{"name":"(anonymous_51)","decl":{"start":{"line":549,"column":34},"end":{"line":549,"column":35}},"loc":{"start":{"line":549,"column":41},"end":{"line":549,"column":75}},"line":549},"52":{"name":"(anonymous_52)","decl":{"start":{"line":550,"column":32},"end":{"line":550,"column":33}},"loc":{"start":{"line":550,"column":38},"end":{"line":550,"column":90}},"line":550},"53":{"name":"(anonymous_53)","decl":{"start":{"line":550,"column":49},"end":{"line":550,"column":50}},"loc":{"start":{"line":550,"column":57},"end":{"line":550,"column":88}},"line":550},"54":{"name":"(anonymous_54)","decl":{"start":{"line":555,"column":33},"end":{"line":555,"column":34}},"loc":{"start":{"line":555,"column":39},"end":{"line":555,"column":83}},"line":555}},"branchMap":{"0":{"loc":{"start":{"line":27,"column":2},"end":{"line":27,"column":41}},"type":"if","locations":[{"start":{"line":27,"column":2},"end":{"line":27,"column":41}},{"start":{},"end":{}}],"line":27},"1":{"loc":{"start":{"line":28,"column":2},"end":{"line":28,"column":58}},"type":"if","locations":[{"start":{"line":28,"column":2},"end":{"line":28,"column":58}},{"start":{},"end":{}}],"line":28},"2":{"loc":{"start":{"line":29,"column":2},"end":{"line":29,"column":70}},"type":"if","locations":[{"start":{"line":29,"column":2},"end":{"line":29,"column":70}},{"start":{},"end":{}}],"line":29},"3":{"loc":{"start":{"line":30,"column":2},"end":{"line":30,"column":82}},"type":"if","locations":[{"start":{"line":30,"column":2},"end":{"line":30,"column":82}},{"start":{},"end":{}}],"line":30},"4":{"loc":{"start":{"line":44,"column":2},"end":{"line":44,"column":41}},"type":"if","locations":[{"start":{"line":44,"column":2},"end":{"line":44,"column":41}},{"start":{},"end":{}}],"line":44},"5":{"loc":{"start":{"line":45,"column":2},"end":{"line":45,"column":58}},"type":"if","locations":[{"start":{"line":45,"column":2},"end":{"line":45,"column":58}},{"start":{},"end":{}}],"line":45},"6":{"loc":{"start":{"line":46,"column":2},"end":{"line":46,"column":70}},"type":"if","locations":[{"start":{"line":46,"column":2},"end":{"line":46,"column":70}},{"start":{},"end":{}}],"line":46},"7":{"loc":{"start":{"line":47,"column":2},"end":{"line":47,"column":82}},"type":"if","locations":[{"start":{"line":47,"column":2},"end":{"line":47,"column":82}},{"start":{},"end":{}}],"line":47},"8":{"loc":{"start":{"line":48,"column":2},"end":{"line":48,"column":94}},"type":"if","locations":[{"start":{"line":48,"column":2},"end":{"line":48,"column":94}},{"start":{},"end":{}}],"line":48},"9":{"loc":{"start":{"line":54,"column":2},"end":{"line":54,"column":41}},"type":"if","locations":[{"start":{"line":54,"column":2},"end":{"line":54,"column":41}},{"start":{},"end":{}}],"line":54},"10":{"loc":{"start":{"line":62,"column":2},"end":{"line":62,"column":41}},"type":"if","locations":[{"start":{"line":62,"column":2},"end":{"line":62,"column":41}},{"start":{},"end":{}}],"line":62},"11":{"loc":{"start":{"line":69,"column":2},"end":{"line":69,"column":56}},"type":"if","locations":[{"start":{"line":69,"column":2},"end":{"line":69,"column":56}},{"start":{},"end":{}}],"line":69},"12":{"loc":{"start":{"line":72,"column":9},"end":{"line":72,"column":91}},"type":"binary-expr","locations":[{"start":{"line":72,"column":9},"end":{"line":72,"column":36}},{"start":{"line":72,"column":40},"end":{"line":72,"column":66}},{"start":{"line":72,"column":70},"end":{"line":72,"column":91}}],"line":72},"13":{"loc":{"start":{"line":107,"column":6},"end":{"line":117,"column":7}},"type":"if","locations":[{"start":{"line":107,"column":6},"end":{"line":117,"column":7}},{"start":{"line":113,"column":13},"end":{"line":117,"column":7}}],"line":107},"14":{"loc":{"start":{"line":108,"column":18},"end":{"line":108,"column":31}},"type":"binary-expr","locations":[{"start":{"line":108,"column":18},"end":{"line":108,"column":25}},{"start":{"line":108,"column":29},"end":{"line":108,"column":31}}],"line":108},"15":{"loc":{"start":{"line":109,"column":18},"end":{"line":109,"column":39}},"type":"binary-expr","locations":[{"start":{"line":109,"column":18},"end":{"line":109,"column":33}},{"start":{"line":109,"column":37},"end":{"line":109,"column":39}}],"line":109},"16":{"loc":{"start":{"line":110,"column":15},"end":{"line":110,"column":36}},"type":"binary-expr","locations":[{"start":{"line":110,"column":15},"end":{"line":110,"column":30}},{"start":{"line":110,"column":34},"end":{"line":110,"column":36}}],"line":110},"17":{"loc":{"start":{"line":138,"column":13},"end":{"line":144,"column":23}},"type":"cond-expr","locations":[{"start":{"line":139,"column":8},"end":{"line":139,"column":28}},{"start":{"line":140,"column":9},"end":{"line":144,"column":22}}],"line":138},"18":{"loc":{"start":{"line":138,"column":13},"end":{"line":138,"column":40}},"type":"binary-expr","locations":[{"start":{"line":138,"column":13},"end":{"line":138,"column":21}},{"start":{"line":138,"column":25},"end":{"line":138,"column":40}}],"line":138},"19":{"loc":{"start":{"line":140,"column":9},"end":{"line":144,"column":22}},"type":"cond-expr","locations":[{"start":{"line":141,"column":10},"end":{"line":141,"column":25}},{"start":{"line":142,"column":11},"end":{"line":144,"column":21}}],"line":140},"20":{"loc":{"start":{"line":140,"column":9},"end":{"line":140,"column":91}},"type":"binary-expr","locations":[{"start":{"line":140,"column":9},"end":{"line":140,"column":24}},{"start":{"line":140,"column":28},"end":{"line":140,"column":48}},{"start":{"line":140,"column":52},"end":{"line":140,"column":91}}],"line":140},"21":{"loc":{"start":{"line":142,"column":11},"end":{"line":144,"column":21}},"type":"cond-expr","locations":[{"start":{"line":143,"column":12},"end":{"line":143,"column":28}},{"start":{"line":144,"column":12},"end":{"line":144,"column":21}}],"line":142},"22":{"loc":{"start":{"line":142,"column":11},"end
[...]
":[{"start":{"line":264,"column":6},"end":{"line":274,"column":7}},{"start":{},"end":{}}],"line":264},"58":{"loc":{"start":{"line":265,"column":8},"end":{"line":273,"column":9}},"type":"if","locations":[{"start":{"line":265,"column":8},"end":{"line":273,"column":9}},{"start":{"line":267,"column":15},"end":{"line":273,"column":9}}],"line":265},"59":{"loc":{"start":{"line":265,"column":12},"end":{"line":265,"column":134}},"type":"binary-expr","locations":[{"start":{"line":265,"column":12},"end":{"line":265,"column":50}},{"start":{"line":265,"column":54},"end":{"line":265,"column":87}},{"start":{"line":265,"column":91},"end":{"line":265,"column":134}}],"line":265},"60":{"loc":{"start":{"line":267,"column":15},"end":{"line":273,"column":9}},"type":"if","locations":[{"start":{"line":267,"column":15},"end":{"line":273,"column":9}},{"start":{"line":269,"column":15},"end":{"line":273,"column":9}}],"line":267},"61":{"loc":{"start":{"line":267,"column":19},"end":{"line":267,"column":84}},"type":"binary-expr","locations":[{"start":{"line":267,"column":19},"end":{"line":267,"column":48}},{"start":{"line":267,"column":52},"end":{"line":267,"column":84}}],"line":267},"62":{"loc":{"start":{"line":269,"column":15},"end":{"line":273,"column":9}},"type":"if","locations":[{"start":{"line":269,"column":15},"end":{"line":273,"column":9}},{"start":{"line":271,"column":15},"end":{"line":273,"column":9}}],"line":269},"63":{"loc":{"start":{"line":269,"column":19},"end":{"line":269,"column":87}},"type":"binary-expr","locations":[{"start":{"line":269,"column":19},"end":{"line":269,"column":51}},{"start":{"line":269,"column":55},"end":{"line":269,"column":87}}],"line":269},"64":{"loc":{"start":{"line":293,"column":30},"end":{"line":293,"column":69}},"type":"cond-expr","locations":[{"start":{"line":293,"column":35},"end":{"line":293,"column":51}},{"start":{"line":293,"column":54},"end":{"line":293,"column":69}}],"line":293},"65":{"loc":{"start":{"line":298,"column":23},"end":{"line":298,"column":61}},"type":"cond-expr","locations":[{"start":{"line":298,"column":28},"end":{"line":298,"column":43}},{"start":{"line":298,"column":46},"end":{"line":298,"column":61}}],"line":298},"66":{"loc":{"start":{"line":339,"column":17},"end":{"line":341,"column":17}},"type":"binary-expr","locations":[{"start":{"line":339,"column":17},"end":{"line":339,"column":36}},{"start":{"line":339,"column":40},"end":{"line":339,"column":58}},{"start":{"line":340,"column":18},"end":{"line":340,"column":83}}],"line":339},"67":{"loc":{"start":{"line":347,"column":58},"end":{"line":347,"column":95}},"type":"cond-expr","locations":[{"start":{"line":347,"column":81},"end":{"line":347,"column":86}},{"start":{"line":347,"column":89},"end":{"line":347,"column":95}}],"line":347},"68":{"loc":{"start":{"line":349,"column":33},"end":{"line":349,"column":95}},"type":"cond-expr","locations":[{"start":{"line":349,"column":56},"end":{"line":349,"column":72}},{"start":{"line":349,"column":75},"end":{"line":349,"column":95}}],"line":349},"69":{"loc":{"start":{"line":351,"column":48},"end":{"line":351,"column":121}},"type":"cond-expr","locations":[{"start":{"line":351,"column":71},"end":{"line":351,"column":94}},{"start":{"line":351,"column":97},"end":{"line":351,"column":121}}],"line":351},"70":{"loc":{"start":{"line":367,"column":17},"end":{"line":407,"column":17}},"type":"binary-expr","locations":[{"start":{"line":367,"column":17},"end":{"line":367,"column":37}},{"start":{"line":368,"column":18},"end":{"line":406,"column":21}}],"line":367},"71":{"loc":{"start":{"line":390,"column":26},"end":{"line":390,"column":75}},"type":"if","locations":[{"start":{"line":390,"column":26},"end":{"line":390,"column":75}},{"start":{},"end":{}}],"line":390},"72":{"loc":{"start":{"line":391,"column":26},"end":{"line":399,"column":27}},"type":"if","locations":[{"start":{"line":391,"column":26},"end":{"line":399,"column":27}},{"start":{"line":393,"column":33},"end":{"line":399,"column":27}}],"line":391},"73":{"loc":{"start":{"line":393,"column":33},"end":{"line":399,"column":27}},"type":"if","locations":[{"start":{"line":393,"column":33},"end":{"line":399,"column":27}},{"start":{"line":395,"column":33},"end":{"line":399,"column":27}}],"line":393},"74":{"loc":{"start":{"line":395,"column":33},"end":{"line":399,"column":27}},"type":"if","locations":[{"start":{"line":395,"column":33},"end":{"line":399,"column":27}},{"start":{"line":397,"column":33},"end":{"line":399,"column":27}}],"line":395},"75":{"loc":{"start":{"line":397,"column":33},"end":{"line":399,"column":27}},"type":"if","locations":[{"start":{"line":397,"column":33},"end":{"line":399,"column":27}},{"start":{},"end":{}}],"line":397},"76":{"loc":{"start":{"line":410,"column":15},"end":{"line":424,"column":15}},"type":"binary-expr","locations":[{"start":{"line":410,"column":15},"end":{"line":410,"column":35}},{"start":{"line":411,"column":16},"end":{"line":423,"column":22}}],"line":410},"77":{"loc":{"start":{"line":441,"column":30},"end":{"line":443,"column":31}},"type":"if","locations":[{"start":{"line":441,"column":30},"end":{"line":443,"column":31}},{"start":{},"end":{}}],"line":441},"78":{"loc":{"start":{"line":449,"column":27},"end":{"line":453,"column":27}},"type":"binary-expr","locations":[{"start":{"line":449,"column":27},"end":{"line":449,"column":39}},{"start":{"line":450,"column":28},"end":{"line":452,"column":34}}],"line":449},"79":{"loc":{"start":{"line":526,"column":30},"end":{"line":526,"column":64}},"type":"cond-expr","locations":[{"start":{"line":526,"column":45},"end":{"line":526,"column":51}},{"start":{"line":526,"column":54},"end":{"line":526,"column":64}}],"line":526},"80":{"loc":{"start":{"line":539,"column":25},"end":{"line":539,"column":57}},"type":"cond-expr","locations":[{"start":{"line":539,"column":40},"end":{"line":539,"column":45}},{"start":{"line":539,"column":48},"end":{"line":539,"column":57}}],"line":539},"81":{"loc":{"start":{"line":546,"column":30},"end":{"line":546,"column":71}},"type":"cond-expr","locations":[{"start":{"line":546,"column":52},"end":{"line":546,"column":58}},{"start":{"line":546,"column":61},"end":{"line":546,"column":71}}],"line":546},"82":{"loc":{"start":{"line":551,"column":31},"end":{"line":551,"column":153}},"type":"binary-expr","locations":[{"start":{"line":551,"column":31},"end":{"line":551,"column":53}},{"start":{"line":551,"column":58},"end":{"line":551,"column":152}}],"line":551},"83":{"loc":{"start":{"line":551,"column":58},"end":{"line":551,"column":152}},"type":"cond-expr","locations":[{"start":{"line":551,"column":116},"end":{"line":551,"column":140}},{"start":{"line":551,"column":143},"end":{"line":551,"column":152}}],"line":551},"84":{"loc":{"start":{"line":551,"column":58},"end":{"line":551,"column":113}},"type":"binary-expr","locations":[{"start":{"line":551,"column":58},"end":{"line":551,"column":81}},{"start":{"line":551,"column":85},"end":{"line":551,"column":113}}],"line":551},"85":{"loc":{"start":{"line":559,"column":25},"end":{"line":559,"column":64}},"type":"cond-expr","locations":[{"start":{"line":559,"column":47},"end":{"line":559,"column":52}},{"start":{"line":559,"column":55},"end":{"line":559,"column":64}}],"line":559},"86":{"loc":{"start":{"line":575,"column":15},"end":{"line":580,"column":15}},"type":"binary-expr","locations":[{"start":{"line":575,"column":15},"end":{"line":575,"column":26}},{"start":{"line":576,"column":16},"end":{"line":579,"column":22}}],"line":575},"87":{"loc":{"start":{"line":581,"column":15},"end":{"line":586,"column":15}},"type":"binary-expr","locations":[{"start":{"line":581,"column":15},"end":{"line":581,"column":23}},{"start":{"line":582,"column":16},"end":{"line":585,"column":22}}],"line":581},"88":{"loc":{"start":{"line":592,"column":17},"end":{"line":592,"column":61}},"type":"cond-expr","locations":[{"start":{"line":592,"column":32},"end":{"line":592,"column":45}},{"start":{"line":592,"column":48},"end":{"line":592,"column":61}}],"line":592}},"s":{"0":0,"1":0,"2":0,"3":0,"4":0,"5":0,"6":0,"7":0,"8":0,"9":0,"10":0,"11":0,"12":0,"13":0,"14":0,"15":0,"16":0,"17":0,"18":0,"19":0,"20":0,"21":0,"22":0,"23":0,"24":0,"25":0,"26":0,"27":0,"28":0,"29":0,"30":0,"31":0,"32":0,"33":0,"34":0,"35":0,"36":0,"37":0,"38":0,"39":0,"40":0,"41":0,"42":0,"43":0,"44":0,"45":0,"46":0,"47":0,"48":0,"49":0,"50":0,"51":0,"52":0,"53":0,"54":0,"55":0,"56":0,"57":0,"58":0,"59":0,"60":0,"61":0,"62":0,"63":0,"64":0,"65":0,"66":0,"67":0,"68":0,"69":0,"70":0,"71":0,"72":0,"73":0,"74":0,"75":0,"76":0,"77":0,"78":0,"79":0,"80":0,"81":0,"82":0,"83":0,"84":0,"85":0,"86":0,"87":0,"88":0,"89":0,"90":0,"91":0,"92":0,"93":0,"94":0,"95":0,"96":0,"97":0,"98":0,"99":0,"100":0,"101":0,"102":0,"103":0,"104":0,"105":0,"106":0,"107":0,"108":0,"109":0,"110":0,"111":0,"112":0,"113":0,"114":0,"115":0,"116":0,"117":0,"118":0,"119":0,"120":0,"121":0,"122":0,"123":0,"124":0,"125":0,"126":0,"127":0,"128":0,"129":0,"130":0,"131":0,"132":0,"133":0,"134":0,"135":0,"136":0,"137":0,"138":0,"139":0,"140":0,"141":0,"142":0,"143":0,"144":0,"145":0,"146":0,"147":0,"148":0,"149":0,"150":0,"151":0,"152":0,"153":0,"154":0,"155":0,"156":0,"157":0,"158":0,"159":0,"160":0,"161":0,"162":0,"163":0,"164":0,"165":0,"166":0,"167":0,"168":0,"169":0,"170":0,"171":0,"172":0,"173":0,"174":0,"175":0,"176":0,"177":0,"178":0,"179":0,"180":0,"181":0,"182":0,"183":0},"f":{"0":0,"1":0,"2":0,"3":0,"4":0,"5":0,"6":0,"7":0,"8":0,"9":0,"10":0,"11":0,"12":0,"13":0,"14":0,"15":0,"16":0,"17":0,"18":0,"19":0,"20":0,"21":0,"22":0,"23":0,"24":0,"25":0,"26":0,"27":0,"28":0,"29":0,"30":0,"31":0,"32":0,"33":0,"34":0,"35":0,"36":0,"37":0,"38":0,"39":0,"40":0,"41":0,"42":0,"43":0,"44":0,"45":0,"46":0,"47":0,"48":0,"49":0,"50":0,"51":0,"52":0,"53":0,"54":0},"b":{"0":[0,0],"1":[0,0],"2":[0,0],"3":[0,0],"4":[0,0],"5":[0,0],"6":[0,0],"7":[0,0],"8":[0,0],"9":[0,0],"10":[0,0],"11":[0,0],"12":[0,0,0],"13":[0,0],"14":[0,0],"15":[0,0],"16":[0,0],"17":[0,0],"18":[0,0],"19":[0,0],"20":[0,0,0],"21":[0,0],"22":[0,0,0],"23":[0,0],"24":[0,0],"25":[0,0],"26":[0,0],"27":[0,0],"28":[0,0],"29":[0,0],"30":[0,0],"31":[0,0],"32":[0,0],"33":[0,0],"34":[0,0],"35":[0,0],"36":[0,0],"37":[0,0],"38":[0,0],"39":[0,0],"40":[0,0],"41":[0,0],"42":[0,0],"43":[0,0],"44":[0,0],"45":[0,0],"46":[0,0],"47":[0,0],"48":[0,0],"49":[0,0],"50":[0,0],"51":[0,0],"52":[0,0],"53":[0,0],"54":[0,0,0,0],"55":[0,0],"56":[0,0],"57":[0,0],"58":[0,0],"59":[0,0,0],"60":[0,0],"61":[0,0],"62":[0,0],"63":[0,0],"64":[0,0],"65":[0,0],"66":[0,0,0],"67":[0,0],"68":[0,0],"69":[0,0],"70":[0,0],"71":[0,0],"72":[0,0],"73":[0,0],"74":[0,0],"75":[0,0],"76":[0,0],"77":[0,0],"78":[0,0],"79":[0,0],"80":[0,0],"81":[0,0],"82":[0,0],"83":[0,0],"84":[0,0],"85":[0,0],"86":[0,0],"87":[0,0],"88":[0,0]}}
,"/home/mateus/Área de Trabalho/Estudos/WEB4/pp1-web-olx/src/services/auth.ts": {"path":"/home/mateus/Área de Trabalho/Estudos/WEB4/pp1-web-olx/src/services/auth.ts","statementMap":{"0":{"start":{"line":1,"column":21},"end":{"line":1,"column":44}},"1":{"start":{"line":28,"column":2},"end":{"line":85,"column":3}},"2":{"start":{"line":29,"column":21},"end":{"line":35,"column":6}},"3":{"start":{"line":37,"column":4},"end":{"line":75,"column":5}},"4":{"start":{"line":38,"column":25},"end":{"line":38,"column":71}},"5":{"start":{"line":41,"column":6},"end":{"line":69,"column":7}},"6":{"start":{"line":42,"column":26},"end":{"line":42,"column":47}},"7":{"start":{"line":45,"column":8},"end":{"line":49,"column":9}},"8":{"start":{"line":46,"column":10},"end":{"line":46,"column":43}},"9":{"start":{"line":47,"column":15},"end":{"line":49,"column":9}},"10":{"start":{"line":48,"column":10},"end":{"line":48,"column":41}},"11":{"start":{"line":52,"column":8},"end":{"line":68,"column":9}},"12":{"start":{"line":54,"column":12},"end":{"line":54,"column":81}},"13":{"start":{"line":55,"column":12},"end":{"line":55,"column":18}},"14":{"start":{"line":58,"column":12},"end":{"line":58,"column":85}},"15":{"start":{"line":59,"column":12},"end":{"line":59,"column":18}},"16":{"start":{"line":61,"column":12},"end":{"line":61,"column":53}},"17":{"start":{"line":62,"column":12},"end":{"line":62,"column":18}},"18":{"start":{"line":64,"column":12},"end":{"line":64,"column":83}},"19":{"start":{"line":65,"column":12},"end":{"line":65,"column":18}},"20":{"start":{"line":67,"column":12},"end":{"line":67,"column":77}},"21":{"start":{"line":72,"column":20},"end":{"line":72,"column":74}},"22":{"start":{"line":73,"column":6},"end":{"line":73,"column":37}},"23":{"start":{"line":74,"column":6},"end":{"line":74,"column":18}},"24":{"start":{"line":77,"column":4},"end":{"line":77,"column":27}},"25":{"start":{"line":80,"column":4},"end":{"line":82,"column":5}},"26":{"start":{"line":81,"column":6},"end":{"line":81,"column":18}},"27":{"start":{"line":84,"column":4},"end":{"line":84,"column":82}},"28":{"start":{"line":89,"column":2},"end":{"line":92,"column":4}},"29":{"start":{"line":96,"column":2},"end":{"line":99,"column":4}}},"fnMap":{"0":{"name":"request","decl":{"start":{"line":27,"column":15},"end":{"line":27,"column":22}},"loc":{"start":{"line":27,"column":73},"end":{"line":86,"column":1}},"line":27},"1":{"name":"registerVendor","decl":{"start":{"line":88,"column":22},"end":{"line":88,"column":36}},"loc":{"start":{"line":88,"column":89},"end":{"line":93,"column":1}},"line":88},"2":{"name":"login","decl":{"start":{"line":95,"column":22},"end":{"line":95,"column":27}},"loc":{"start":{"line":95,"column":71},"end":{"line":100,"column":1}},"line":95}},"branchMap":{"0":{"loc":{"start":{"line":37,"column":4},"end":{"line":75,"column":5}},"type":"if","locations":[{"start":{"line":37,"column":4},"end":{"line":75,"column":5}},{"start":{},"end":{}}],"line":37},"1":{"loc":{"start":{"line":45,"column":8},"end":{"line":49,"column":9}},"type":"if","locations":[{"start":{"line":45,"column":8},"end":{"line":49,"column":9}},{"start":{"line":47,"column":15},"end":{"line":49,"column":9}}],"line":45},"2":{"loc":{"start":{"line":47,"column":15},"end":{"line":49,"column":9}},"type":"if","locations":[{"start":{"line":47,"column":15},"end":{"line":49,"column":9}},{"start":{},"end":{}}],"line":47},"3":{"loc":{"start":{"line":52,"column":8},"end":{"line":68,"column":9}},"type":"switch","locations":[{"start":{"line":53,"column":10},"end":{"line":55,"column":18}},{"start":{"line":56,"column":10},"end":{"line":56,"column":19}},{"start":{"line":57,"column":10},"end":{"line":59,"column":18}},{"start":{"line":60,"column":10},"end":{"line":62,"column":18}},{"start":{"line":63,"column":10},"end":{"line":65,"column":18}},{"start":{"line":66,"column":10},"end":{"line":67,"column":77}}],"line":52},"4":{"loc":{"start":{"line":80,"column":4},"end":{"line":82,"column":5}},"type":"if","locations":[{"start":{"line":80,"column":4},"end":{"line":82,"column":5}},{"start":{},"end":{}}],"line":80}},"s":{"0":0,"1":0,"2":0,"3":0,"4":0,"5":0,"6":0,"7":0,"8":0,"9":0,"10":0,"11":0,"12":0,"13":0,"14":0,"15":0,"16":0,"17":0,"18":0,"19":0,"20":0,"21":0,"22":0,"23":0,"24":0,"25":0,"26":0,"27":0,"28":0,"29":0},"f":{"0":0,"1":0,"2":0},"b":{"0":[0,0],"1":[0,0],"2":[0,0],"3":[0,0,0,0,0,0],"4":[0,0]}}
,"/home/mateus/Área de Trabalho/Estudos/WEB4/pp1-web-olx/src/utils/auth.ts": {"path":"/home/mateus/Área de Trabalho/Estudos/WEB4/pp1-web-olx/src/utils/auth.ts","statementMap":{"0":{"start":{"line":2,"column":27},"end":{"line":16,"column":1}},"1":{"start":{"line":3,"column":2},"end":{"line":15,"column":3}},"2":{"start":{"line":4,"column":18},"end":{"line":4,"column":51}},"3":{"start":{"line":5,"column":21},"end":{"line":5,"column":53}},"4":{"start":{"line":7,"column":4},"end":{"line":9,"column":5}},"5":{"start":{"line":8,"column":6},"end":{"line":8,"column":18}},"6":{"start":{"line":11,"column":4},"end":{"line":11,"column":32}},"7":{"start":{"line":13,"column":4},"end":{"line":13,"column":53}},"8":{"start":{"line":14,"column":4},"end":{"line":14,"column":16}},"9":{"start":{"line":19,"column":28},"end":{"line":32,"column":1}},"10":{"start":{"line":20,"column":2},"end":{"line":31,"column":3}},"11":{"start":{"line":21,"column":4},"end":{"line":21,"column":45}},"12":{"start":{"line":22,"column":4},"end":{"line":22,"column":63}},"13":{"start":{"line":24,"column":23},"end":{"line":24,"column":33}},"14":{"start":{"line":25,"column":4},"end":{"line":25,"column":49}},"15":{"start":{"line":26,"column":4},"end":{"line":26,"column":66}},"16":{"start":{"line":27,"column":4},"end":{"line":27,"column":16}},"17":{"start":{"line":29,"column":4},"end":{"line":29,"column":52}},"18":{"start":{"line":30,"column":4},"end":{"line":30,"column":17}},"19":{"start":{"line":35,"column":29},"end":{"line":45,"column":1}},"20":{"start":{"line":36,"column":2},"end":{"line":44,"column":3}},"21":{"start":{"line":37,"column":4},"end":{"line":37,"column":41}},"22":{"start":{"line":38,"column":4},"end":{"line":38,"column":40}},"23":{"start":{"line":39,"column":4},"end":{"line":39,"column":43}},"24":{"start":{"line":40,"column":4},"end":{"line":40,"column":16}},"25":{"start":{"line":42,"column":4},"end":{"line":42,"column":54}},"26":{"start":{"line":43,"column":4},"end":{"line":43,"column":17}},"27":{"start":{"line":48,"column":31},"end":{"line":65,"column":1}},"28":{"start":{"line":49,"column":16},"end":{"line":49,"column":49}},"29":{"start":{"line":50,"column":2},"end":{"line":53,"column":3}},"30":{"start":{"line":51,"column":4},"end":{"line":51,"column":20}},"31":{"start":{"line":52,"column":4},"end":{"line":52,"column":17}},"32":{"start":{"line":55,"column":21},"end":{"line":55,"column":56}},"33":{"start":{"line":56,"column":2},"end":{"line":62,"column":3}},"34":{"start":{"line":57,"column":25},"end":{"line":57,"column":58}},"35":{"start":{"line":58,"column":4},"end":{"line":61,"column":5}},"36":{"start":{"line":59,"column":6},"end":{"line":59,"column":22}},"37":{"start":{"line":60,"column":6},"end":{"line":60,"column":19}},"38":{"start":{"line":64,"column":2},"end":{"line":64,"column":14}}},"fnMap":{"0":{"name":"(anonymous_0)","decl":{"start":{"line":2,"column":27},"end":{"line":2,"column":28}},"loc":{"start":{"line":2,"column":33},"end":{"line":16,"column":1}},"line":2},"1":{"name":"(anonymous_1)","decl":{"start":{"line":19,"column":28},"end":{"line":19,"column":29}},"loc":{"start":{"line":19,"column":62},"end":{"line":32,"column":1}},"line":19},"2":{"name":"(anonymous_2)","decl":{"start":{"line":35,"column":29},"end":{"line":35,"column":30}},"loc":{"start":{"line":35,"column":35},"end":{"line":45,"column":1}},"line":35},"3":{"name":"(anonymous_3)","decl":{"start":{"line":48,"column":31},"end":{"line":48,"column":32}},"loc":{"start":{"line":48,"column":37},"end":{"line":65,"column":1}},"line":48}},"branchMap":{"0":{"loc":{"start":{"line":7,"column":4},"end":{"line":9,"column":5}},"type":"if","locations":[{"start":{"line":7,"column":4},"end":{"line":9,"column":5}},{"start":{},"end":{}}],"line":7},"1":{"loc":{"start":{"line":7,"column":8},"end":{"line":7,"column":27}},"type":"binary-expr","locations":[{"start":{"line":7,"column":8},"end":{"line":7,"column":14}},{"start":{"line":7,"column":18},"end":{"line":7,"column":27}}],"line":7},"2":{"loc":{"start":{"line":50,"column":2},"end":{"line":53,"column":3}},"type":"if","locations":[{"start":{"line":50,"column":2},"end":{"line":53,"column":3}},{"start":{},"end":{}}],"line":50},"3":{"loc":{"start":{"line":56,"column":2},"end":{"line":62,"column":3}},"type":"if","locations":[{"start":{"line":56,"column":2},"end":{"line":62,"column":3}},{"start":{},"end":{}}],"line":56},"4":{"loc":{"start":{"line":58,"column":4},"end":{"line":61,"column":5}},"type":"if","locations":[{"start":{"line":58,"column":4},"end":{"line":61,"column":5}},{"start":{},"end":{}}],"line":58}},"s":{"0":0,"1":0,"2":0,"3":0,"4":0,"5":0,"6":0,"7":0,"8":0,"9":0,"10":0,"11":0,"12":0,"13":0,"14":0,"15":0,"16":0,"17":0,"18":0,"19":0,"20":0,"21":0,"22":0,"23":0,"24":0,"25":0,"26":0,"27":0,"28":0,"29":0,"30":0,"31":0,"32":0,"33":0,"34":0,"35":0,"36":0,"37":0,"38":0},"f":{"0":0,"1":0,"2":0,"3":0},"b":{"0":[0,0],"1":[0,0],"2":[0,0],"3":[0,0],"4":[0,0]}}
}
