TN:
SF:src/App.tsx
FN:18,(anonymous_0)
FN:25,App
FNF:2
FNH:2
FNDA:6,(anonymous_0)
FNDA:9,App
DA:18,1
DA:19,6
DA:20,2
DA:22,4
DA:26,9
LF:5
LH:5
BRDA:19,0,0,2
BRDA:19,0,1,4
BRF:2
BRH:2
end_of_record
TN:
SF:src/components/Footer.tsx
FN:1,Footer
FNF:1
FNH:0
FNDA:0,Footer
DA:2,0
LF:1
LH:0
BRF:0
BRH:0
end_of_record
TN:
SF:src/components/Header.tsx
FN:6,Header
FN:12,(anonymous_1)
FN:17,(anonymous_2)
FN:35,(anonymous_3)
FN:45,(anonymous_4)
FN:55,(anonymous_5)
FN:85,(anonymous_6)
FN:91,(anonymous_7)
FNF:8
FNH:8
FNDA:12,Header
FNDA:1,(anonymous_1)
FNDA:3,(anonymous_2)
FNDA:1,(anonymous_3)
FNDA:1,(anonymous_4)
FNDA:1,(anonymous_5)
FNDA:1,(anonymous_6)
FNDA:1,(anonymous_7)
DA:7,12
DA:8,12
DA:9,12
DA:10,12
DA:12,12
DA:13,1
DA:14,1
DA:17,12
DA:18,3
DA:21,12
DA:35,1
DA:45,1
DA:55,1
DA:85,1
DA:92,1
DA:93,1
LF:16
LH:16
BRDA:32,0,0,12
BRDA:32,0,1,12
BRDA:36,1,0,12
BRDA:36,1,1,0
BRDA:46,2,0,0
BRDA:46,2,1,12
BRDA:56,3,0,0
BRDA:56,3,1,12
BRDA:77,4,0,12
BRDA:77,4,1,3
BRF:10
BRH:7
end_of_record
TN:
SF:src/components/ui/Button.tsx
FN:13,variantClasses
FN:19,sizeClasses
FN:25,Button
FNF:3
FNH:3
FNDA:6,variantClasses
FNDA:6,sizeClasses
FNDA:6,Button
DA:14,6
DA:15,5
DA:16,5
DA:20,6
DA:21,6
DA:22,6
DA:26,6
DA:27,6
DA:28,6
DA:29,6
LF:10
LH:10
BRDA:14,0,0,1
BRDA:14,0,1,5
BRDA:15,1,0,0
BRDA:15,1,1,5
BRDA:20,2,0,0
BRDA:20,2,1,6
BRDA:21,3,0,0
BRDA:21,3,1,6
BRDA:25,4,0,5
BRDA:25,5,0,6
BRDA:27,6,0,1
BRDA:27,6,1,5
BRF:12
BRH:9
end_of_record
TN:
SF:src/components/ui/Card.tsx
FN:11,Card
FNF:1
FNH:1
FNDA:5,Card
DA:12,5
LF:1
LH:1
BRDA:20,0,0,2
BRDA:20,0,1,3
BRDA:26,1,0,2
BRDA:26,1,1,3
BRF:4
BRH:4
end_of_record
TN:
SF:src/components/ui/Input.tsx
FN:12,Input
FNF:1
FNH:1
FNDA:7,Input
DA:23,7
DA:25,7
LF:2
LH:2
BRDA:23,0,0,7
BRDA:23,0,1,7
BRDA:23,0,2,7
BRDA:27,1,0,1
BRDA:27,1,1,6
BRDA:38,2,0,1
BRDA:38,2,1,6
BRDA:44,3,0,7
BRDA:44,3,1,2
BRDA:51,4,0,2
BRDA:51,4,1,0
BRDA:55,5,0,1
BRDA:55,5,1,6
BRDA:57,6,0,1
BRDA:57,6,1,5
BRF:15
BRH:14
end_of_record
TN:
SF:src/components/ui/index.ts
FNF:0
FNH:0
LF:0
LH:0
BRF:0
BRH:0
end_of_record
TN:
SF:src/layouts/MainLayout.tsx
FN:9,MainLayout
FNF:1
FNH:1
FNDA:4,MainLayout
DA:10,4
LF:1
LH:1
BRF:0
BRH:0
end_of_record
TN:
SF:src/pages/Anunciar.tsx
FN:14,Anunciar
FN:41,(anonymous_1)
FN:43,(anonymous_2)
FN:49,(anonymous_3)
FN:60,(anonymous_4)
FN:62,(anonymous_5)
FN:63,(anonymous_6)
FN:67,(anonymous_7)
FN:68,(anonymous_8)
FN:68,(anonymous_9)
FN:69,(anonymous_10)
FN:77,(anonymous_11)
FN:105,(anonymous_12)
FN:110,(anonymous_13)
FN:130,(anonymous_14)
FN:194,(anonymous_15)
FN:300,(anonymous_16)
FN:309,(anonymous_17)
FN:369,(anonymous_18)
FNF:19
FNH:0
FNDA:0,Anunciar
FNDA:0,(anonymous_1)
FNDA:0,(anonymous_2)
FNDA:0,(anonymous_3)
FNDA:0,(anonymous_4)
FNDA:0,(anonymous_5)
FNDA:0,(anonymous_6)
FNDA:0,(anonymous_7)
FNDA:0,(anonymous_8)
FNDA:0,(anonymous_9)
FNDA:0,(anonymous_10)
FNDA:0,(anonymous_11)
FNDA:0,(anonymous_12)
FNDA:0,(anonymous_13)
FNDA:0,(anonymous_14)
FNDA:0,(anonymous_15)
FNDA:0,(anonymous_16)
FNDA:0,(anonymous_17)
FNDA:0,(anonymous_18)
DA:15,0
DA:22,0
DA:23,0
DA:24,0
DA:25,0
DA:26,0
DA:27,0
DA:29,0
DA:41,0
DA:42,0
DA:43,0
DA:49,0
DA:50,0
DA:51,0
DA:54,0
DA:55,0
DA:56,0
DA:60,0
DA:62,0
DA:63,0
DA:67,0
DA:68,0
DA:69,0
DA:70,0
DA:71,0
DA:72,0
DA:73,0
DA:77,0
DA:78,0
DA:79,0
DA:82,0
DA:83,0
DA:84,0
DA:87,0
DA:88,0
DA:89,0
DA:92,0
DA:94,0
DA:95,0
DA:96,0
DA:97,0
DA:102,0
DA:105,0
DA:106,0
DA:110,0
DA:111,0
DA:128,0
DA:130,0
DA:134,0
DA:135,0
DA:138,0
DA:139,0
DA:141,0
DA:145,0
DA:195,0
DA:301,0
DA:309,0
DA:369,0
LF:58
LH:0
BRDA:50,0,0,0
BRDA:50,0,1,0
BRDA:54,1,0,0
BRDA:54,1,1,0
BRDA:82,2,0,0
BRDA:82,2,1,0
BRDA:82,3,0,0
BRDA:82,3,1,0
BRDA:82,3,2,0
BRDA:87,4,0,0
BRDA:87,4,1,0
BRDA:96,5,0,0
BRDA:96,5,1,0
BRDA:155,6,0,0
BRDA:155,6,1,0
BRDA:298,7,0,0
BRDA:298,7,1,0
BRDA:380,8,0,0
BRDA:380,8,1,0
BRF:19
BRH:0
end_of_record
TN:
SF:src/pages/Login.tsx
FN:10,isValidEmail
FN:16,Login
FN:25,(anonymous_2)
FN:36,(anonymous_3)
FN:40,(anonymous_4)
FN:141,(anonymous_5)
FN:142,(anonymous_6)
FN:151,(anonymous_7)
FNF:8
FNH:0
FNDA:0,isValidEmail
FNDA:0,Login
FNDA:0,(anonymous_2)
FNDA:0,(anonymous_3)
FNDA:0,(anonymous_4)
FNDA:0,(anonymous_5)
FNDA:0,(anonymous_6)
FNDA:0,(anonymous_7)
DA:8,0
DA:11,0
DA:13,0
DA:17,0
DA:18,0
DA:19,0
DA:20,0
DA:21,0
DA:22,0
DA:23,0
DA:25,0
DA:26,0
DA:27,0
DA:28,0
DA:29,0
DA:33,0
DA:34,0
DA:36,0
DA:37,0
DA:40,0
DA:41,0
DA:42,0
DA:43,0
DA:46,0
DA:47,0
DA:48,0
DA:51,0
DA:52,0
DA:53,0
DA:56,0
DA:57,0
DA:58,0
DA:61,0
DA:63,0
DA:64,0
DA:66,0
DA:71,0
DA:73,0
DA:75,0
DA:76,0
DA:78,0
DA:79,0
DA:80,0
DA:81,0
DA:82,0
DA:83,0
DA:84,0
DA:85,0
DA:87,0
DA:91,0
DA:93,0
DA:97,0
DA:141,0
DA:142,0
DA:151,0
LF:55
LH:0
BRDA:11,0,0,0
BRDA:11,0,1,0
BRDA:27,1,0,0
BRDA:27,1,1,0
BRDA:33,2,0,0
BRDA:33,2,1,0
BRDA:34,3,0,0
BRDA:34,3,1,0
BRDA:46,4,0,0
BRDA:46,4,1,0
BRDA:51,5,0,0
BRDA:51,5,1,0
BRDA:56,6,0,0
BRDA:56,6,1,0
BRDA:75,7,0,0
BRDA:75,7,1,0
BRDA:78,8,0,0
BRDA:78,8,1,0
BRDA:78,9,0,0
BRDA:78,9,1,0
BRDA:78,9,2,0
BRDA:80,10,0,0
BRDA:80,10,1,0
BRDA:80,11,0,0
BRDA:80,11,1,0
BRDA:80,11,2,0
BRDA:82,12,0,0
BRDA:82,12,1,0
BRDA:82,13,0,0
BRDA:82,13,1,0
BRDA:82,13,2,0
BRDA:84,14,0,0
BRDA:84,14,1,0
BRDA:84,15,0,0
BRDA:84,15,1,0
BRDA:105,16,0,0
BRDA:105,16,1,0
BRDA:116,17,0,0
BRDA:116,17,1,0
BRDA:147,18,0,0
BRDA:147,18,1,0
BRF:41
BRH:0
end_of_record
TN:
SF:src/pages/MeusAnuncios.tsx
FN:7,MeusAnuncios
FN:11,(anonymous_1)
FN:13,(anonymous_2)
FN:36,(anonymous_3)
FN:46,(anonymous_4)
FN:56,(anonymous_5)
FNF:6
FNH:0
FNDA:0,MeusAnuncios
FNDA:0,(anonymous_1)
FNDA:0,(anonymous_2)
FNDA:0,(anonymous_3)
FNDA:0,(anonymous_4)
FNDA:0,(anonymous_5)
DA:8,0
DA:9,0
DA:11,0
DA:13,0
DA:14,0
DA:15,0
DA:16,0
DA:17,0
DA:20,0
DA:24,0
DA:27,0
DA:36,0
DA:46,0
DA:56,0
LF:14
LH:0
BRDA:16,0,0,0
BRDA:16,0,1,0
BRDA:38,1,0,0
BRDA:38,1,1,0
BRDA:48,2,0,0
BRDA:48,2,1,0
BRDA:58,3,0,0
BRDA:58,3,1,0
BRDA:72,4,0,0
BRDA:72,4,1,0
BRDA:74,5,0,0
BRDA:74,5,1,0
BRDA:79,6,0,0
BRDA:79,6,1,0
BRDA:91,7,0,0
BRDA:91,7,1,0
BRDA:97,8,0,0
BRDA:97,8,1,0
BRF:18
BRH:0
end_of_record
TN:
SF:src/pages/Perfil.tsx
FN:11,Perfil
FN:17,(anonymous_1)
FN:18,(anonymous_2)
FN:40,(anonymous_3)
FN:42,(anonymous_4)
FN:48,(anonymous_5)
FN:182,(anonymous_6)
FN:197,(anonymous_7)
FNF:8
FNH:5
FNDA:11,Perfil
FNDA:4,(anonymous_1)
FNDA:4,(anonymous_2)
FNDA:0,(anonymous_3)
FNDA:0,(anonymous_4)
FNDA:0,(anonymous_5)
FNDA:1,(anonymous_6)
FNDA:2,(anonymous_7)
DA:12,11
DA:13,11
DA:14,11
DA:15,11
DA:17,11
DA:18,4
DA:19,4
DA:20,4
DA:21,4
DA:22,4
DA:30,0
DA:31,0
DA:33,4
DA:37,4
DA:40,11
DA:41,0
DA:42,0
DA:48,11
DA:49,0
DA:50,0
DA:52,0
DA:53,0
DA:54,0
DA:57,0
DA:60,0
DA:61,0
DA:62,0
DA:63,0
DA:66,0
DA:67,0
DA:72,11
DA:73,4
DA:80,7
DA:182,1
DA:197,2
LF:35
LH:19
BRDA:21,0,0,4
BRDA:21,0,1,0
BRDA:23,1,0,4
BRDA:23,1,1,0
BRDA:24,2,0,4
BRDA:24,2,1,0
BRDA:25,3,0,4
BRDA:25,3,1,3
BRDA:26,4,0,4
BRDA:26,4,1,3
BRDA:52,5,0,0
BRDA:52,5,1,0
BRDA:52,6,0,0
BRDA:52,6,1,0
BRDA:61,7,0,0
BRDA:61,7,1,0
BRDA:72,8,0,4
BRDA:72,8,1,7
BRDA:90,9,0,7
BRDA:90,9,1,0
BRDA:102,10,0,2
BRDA:102,10,1,5
BRDA:121,11,0,2
BRDA:121,11,1,5
BRDA:140,12,0,2
BRDA:140,12,1,5
BRDA:145,13,0,2
BRDA:145,13,1,2
BRDA:151,14,0,5
BRDA:151,14,1,4
BRDA:159,15,0,2
BRDA:159,15,1,5
BRDA:164,16,0,2
BRDA:164,16,1,2
BRDA:171,17,0,5
BRDA:171,17,1,4
BRDA:178,18,0,2
BRDA:178,18,1,5
BRF:38
BRH:28
end_of_record
TN:
SF:src/pages/RecuperacaoSenha.tsx
FN:6,isEmail
FN:10,RecuperacaoSenha
FN:31,(anonymous_2)
FN:32,(anonymous_3)
FNF:4
FNH:0
FNDA:0,isEmail
FNDA:0,RecuperacaoSenha
FNDA:0,(anonymous_2)
FNDA:0,(anonymous_3)
DA:7,0
DA:11,0
DA:12,0
DA:13,0
DA:15,0
DA:31,0
DA:32,0
LF:7
LH:0
BRDA:13,0,0,0
BRDA:13,0,1,0
BRDA:13,1,0,0
BRDA:13,1,1,0
BRDA:13,2,0,0
BRDA:13,2,1,0
BRF:6
BRH:0
end_of_record
TN:
SF:src/pages/Register.tsx
FN:7,isEmail
FN:11,maskDate
FN:18,maskCPF
FN:34,maskCNPJ
FN:52,isValidCPF
FN:60,isValidCNPJ
FN:68,isValidDateDDMMYYYY
FN:77,Register
FN:101,(anonymous_8)
FN:129,(anonymous_9)
FN:173,(anonymous_10)
FN:192,(anonymous_11)
FN:195,(anonymous_12)
FN:287,(anonymous_13)
FN:325,(anonymous_14)
FN:334,(anonymous_15)
FN:351,(anonymous_16)
FN:352,(anonymous_17)
FN:352,(anonymous_18)
FN:361,(anonymous_19)
FN:362,(anonymous_20)
FN:362,(anonymous_21)
FN:375,(anonymous_22)
FN:376,(anonymous_23)
FN:376,(anonymous_24)
FN:386,(anonymous_25)
FN:403,(anonymous_26)
FN:403,(anonymous_27)
FN:418,(anonymous_28)
FN:435,(anonymous_29)
FN:445,(anonymous_30)
FN:445,(anonymous_31)
FN:463,(anonymous_32)
FN:464,(anonymous_33)
FN:464,(anonymous_34)
FN:474,(anonymous_35)
FN:475,(anonymous_36)
FN:475,(anonymous_37)
FN:487,(anonymous_38)
FN:488,(anonymous_39)
FN:488,(anonymous_40)
FN:499,(anonymous_41)
FN:500,(anonymous_42)
FN:500,(anonymous_43)
FN:514,(anonymous_44)
FN:515,(anonymous_45)
FN:515,(anonymous_46)
FN:529,(anonymous_47)
FN:530,(anonymous_48)
FN:530,(anonymous_49)
FN:535,(anonymous_50)
FN:549,(anonymous_51)
FN:550,(anonymous_52)
FN:550,(anonymous_53)
FN:555,(anonymous_54)
FNF:55
FNH:0
FNDA:0,isEmail
FNDA:0,maskDate
FNDA:0,maskCPF
FNDA:0,maskCNPJ
FNDA:0,isValidCPF
FNDA:0,isValidCNPJ
FNDA:0,isValidDateDDMMYYYY
FNDA:0,Register
FNDA:0,(anonymous_8)
FNDA:0,(anonymous_9)
FNDA:0,(anonymous_10)
FNDA:0,(anonymous_11)
FNDA:0,(anonymous_12)
FNDA:0,(anonymous_13)
FNDA:0,(anonymous_14)
FNDA:0,(anonymous_15)
FNDA:0,(anonymous_16)
FNDA:0,(anonymous_17)
FNDA:0,(anonymous_18)
FNDA:0,(anonymous_19)
FNDA:0,(anonymous_20)
FNDA:0,(anonymous_21)
FNDA:0,(anonymous_22)
FNDA:0,(anonymous_23)
FNDA:0,(anonymous_24)
FNDA:0,(anonymous_25)
FNDA:0,(anonymous_26)
FNDA:0,(anonymous_27)
FNDA:0,(anonymous_28)
FNDA:0,(anonymous_29)
FNDA:0,(anonymous_30)
FNDA:0,(anonymous_31)
FNDA:0,(anonymous_32)
FNDA:0,(anonymous_33)
FNDA:0,(anonymous_34)
FNDA:0,(anonymous_35)
FNDA:0,(anonymous_36)
FNDA:0,(anonymous_37)
FNDA:0,(anonymous_38)
FNDA:0,(anonymous_39)
FNDA:0,(anonymous_40)
FNDA:0,(anonymous_41)
FNDA:0,(anonymous_42)
FNDA:0,(anonymous_43)
FNDA:0,(anonymous_44)
FNDA:0,(anonymous_45)
FNDA:0,(anonymous_46)
FNDA:0,(anonymous_47)
FNDA:0,(anonymous_48)
FNDA:0,(anonymous_49)
FNDA:0,(anonymous_50)
FNDA:0,(anonymous_51)
FNDA:0,(anonymous_52)
FNDA:0,(anonymous_53)
FNDA:0,(anonymous_54)
DA:8,0
DA:12,0
DA:13,0
DA:14,0
DA:19,0
DA:20,0
DA:27,0
DA:28,0
DA:29,0
DA:30,0
DA:31,0
DA:35,0
DA:36,0
DA:44,0
DA:45,0
DA:46,0
DA:47,0
DA:48,0
DA:49,0
DA:53,0
DA:54,0
DA:57,0
DA:61,0
DA:62,0
DA:65,0
DA:69,0
DA:70,0
DA:71,0
DA:72,0
DA:78,0
DA:79,0
DA:80,0
DA:81,0
DA:82,0
DA:83,0
DA:84,0
DA:85,0
DA:86,0
DA:87,0
DA:88,0
DA:89,0
DA:90,0
DA:91,0
DA:92,0
DA:93,0
DA:94,0
DA:95,0
DA:96,0
DA:97,0
DA:98,0
DA:101,0
DA:102,0
DA:103,0
DA:104,0
DA:105,0
DA:107,0
DA:108,0
DA:109,0
DA:110,0
DA:112,0
DA:114,0
DA:115,0
DA:116,0
DA:119,0
DA:121,0
DA:122,0
DA:123,0
DA:125,0
DA:129,0
DA:137,0
DA:173,0
DA:174,0
DA:175,0
DA:188,0
DA:189,0
DA:192,0
DA:195,0
DA:197,0
DA:199,0
DA:200,0
DA:201,0
DA:203,0
DA:204,0
DA:208,0
DA:209,0
DA:210,0
DA:214,0
DA:215,0
DA:216,0
DA:219,0
DA:223,0
DA:224,0
DA:225,0
DA:228,0
DA:242,0
DA:244,0
DA:246,0
DA:260,0
DA:262,0
DA:264,0
DA:265,0
DA:266,0
DA:267,0
DA:268,0
DA:269,0
DA:270,0
DA:272,0
DA:276,0
DA:283,0
DA:287,0
DA:288,0
DA:302,0
DA:325,0
DA:334,0
DA:351,0
DA:352,0
DA:361,0
DA:362,0
DA:375,0
DA:376,0
DA:387,0
DA:388,0
DA:390,0
DA:391,0
DA:392,0
DA:393,0
DA:394,0
DA:395,0
DA:396,0
DA:397,0
DA:398,0
DA:401,0
DA:403,0
DA:418,0
DA:437,0
DA:438,0
DA:441,0
DA:442,0
DA:445,0
DA:463,0
DA:464,0
DA:474,0
DA:475,0
DA:487,0
DA:488,0
DA:499,0
DA:500,0
DA:514,0
DA:515,0
DA:529,0
DA:530,0
DA:535,0
DA:549,0
DA:550,0
DA:555,0
LF:155
LH:0
BRDA:27,0,0,0
BRDA:27,0,1,0
BRDA:28,1,0,0
BRDA:28,1,1,0
BRDA:29,2,0,0
BRDA:29,2,1,0
BRDA:30,3,0,0
BRDA:30,3,1,0
BRDA:44,4,0,0
BRDA:44,4,1,0
BRDA:45,5,0,0
BRDA:45,5,1,0
BRDA:46,6,0,0
BRDA:46,6,1,0
BRDA:47,7,0,0
BRDA:47,7,1,0
BRDA:48,8,0,0
BRDA:48,8,1,0
BRDA:54,9,0,0
BRDA:54,9,1,0
BRDA:62,10,0,0
BRDA:62,10,1,0
BRDA:69,11,0,0
BRDA:69,11,1,0
BRDA:72,12,0,0
BRDA:72,12,1,0
BRDA:72,12,2,0
BRDA:107,13,0,0
BRDA:107,13,1,0
BRDA:108,14,0,0
BRDA:108,14,1,0
BRDA:109,15,0,0
BRDA:109,15,1,0
BRDA:110,16,0,0
BRDA:110,16,1,0
BRDA:138,17,0,0
BRDA:138,17,1,0
BRDA:138,18,0,0
BRDA:138,18,1,0
BRDA:140,19,0,0
BRDA:140,19,1,0
BRDA:140,20,0,0
BRDA:140,20,1,0
BRDA:140,20,2,0
BRDA:142,21,0,0
BRDA:142,21,1,0
BRDA:142,22,0,0
BRDA:142,22,1,0
BRDA:142,22,2,0
BRDA:145,23,0,0
BRDA:145,23,1,0
BRDA:145,24,0,0
BRDA:145,24,1,0
BRDA:146,25,0,0
BRDA:146,25,1,0
BRDA:146,26,0,0
BRDA:146,26,1,0
BRDA:147,27,0,0
BRDA:147,27,1,0
BRDA:149,28,0,0
BRDA:149,28,1,0
BRDA:151,29,0,0
BRDA:151,29,1,0
BRDA:152,30,0,0
BRDA:152,30,1,0
BRDA:154,31,0,0
BRDA:154,31,1,0
BRDA:156,32,0,0
BRDA:156,32,1,0
BRDA:157,33,0,0
BRDA:157,33,1,0
BRDA:159,34,0,0
BRDA:159,34,1,0
BRDA:159,35,0,0
BRDA:159,35,1,0
BRDA:161,36,0,0
BRDA:161,36,1,0
BRDA:162,37,0,0
BRDA:162,37,1,0
BRDA:164,38,0,0
BRDA:164,38,1,0
BRDA:166,39,0,0
BRDA:166,39,1,0
BRDA:166,40,0,0
BRDA:166,40,1,0
BRDA:167,41,0,0
BRDA:167,41,1,0
BRDA:167,42,0,0
BRDA:167,42,1,0
BRDA:168,43,0,0
BRDA:168,43,1,0
BRDA:168,44,0,0
BRDA:168,44,1,0
BRDA:169,45,0,0
BRDA:169,45,1,0
BRDA:169,46,0,0
BRDA:169,46,1,0
BRDA:170,47,0,0
BRDA:170,47,1,0
BRDA:170,48,0,0
BRDA:170,48,1,0
BRDA:188,49,0,0
BRDA:188,49,1,0
BRDA:197,50,0,0
BRDA:197,50,1,0
BRDA:208,51,0,0
BRDA:208,51,1,0
BRDA:209,52,0,0
BRDA:209,52,1,0
BRDA:215,53,0,0
BRDA:215,53,1,0
BRDA:215,54,0,0
BRDA:215,54,1,0
BRDA:215,54,2,0
BRDA:215,54,3,0
BRDA:224,55,0,0
BRDA:224,55,1,0
BRDA:239,56,0,0
BRDA:239,56,1,0
BRDA:264,57,0,0
BRDA:264,57,1,0
BRDA:265,58,0,0
BRDA:265,58,1,0
BRDA:265,59,0,0
BRDA:265,59,1,0
BRDA:265,59,2,0
BRDA:267,60,0,0
BRDA:267,60,1,0
BRDA:267,61,0,0
BRDA:267,61,1,0
BRDA:269,62,0,0
BRDA:269,62,1,0
BRDA:269,63,0,0
BRDA:269,63,1,0
BRDA:293,64,0,0
BRDA:293,64,1,0
BRDA:298,65,0,0
BRDA:298,65,1,0
BRDA:339,66,0,0
BRDA:339,66,1,0
BRDA:339,66,2,0
BRDA:347,67,0,0
BRDA:347,67,1,0
BRDA:349,68,0,0
BRDA:349,68,1,0
BRDA:351,69,0,0
BRDA:351,69,1,0
BRDA:367,70,0,0
BRDA:367,70,1,0
BRDA:390,71,0,0
BRDA:390,71,1,0
BRDA:391,72,0,0
BRDA:391,72,1,0
BRDA:393,73,0,0
BRDA:393,73,1,0
BRDA:395,74,0,0
BRDA:395,74,1,0
BRDA:397,75,0,0
BRDA:397,75,1,0
BRDA:410,76,0,0
BRDA:410,76,1,0
BRDA:441,77,0,0
BRDA:441,77,1,0
BRDA:449,78,0,0
BRDA:449,78,1,0
BRDA:526,79,0,0
BRDA:526,79,1,0
BRDA:539,80,0,0
BRDA:539,80,1,0
BRDA:546,81,0,0
BRDA:546,81,1,0
BRDA:551,82,0,0
BRDA:551,82,1,0
BRDA:551,83,0,0
BRDA:551,83,1,0
BRDA:551,84,0,0
BRDA:551,84,1,0
BRDA:559,85,0,0
BRDA:559,85,1,0
BRDA:575,86,0,0
BRDA:575,86,1,0
BRDA:581,87,0,0
BRDA:581,87,1,0
BRDA:592,88,0,0
BRDA:592,88,1,0
BRF:185
BRH:0
end_of_record
TN:
SF:src/services/auth.ts
FN:27,request
FN:88,registerVendor
FN:95,login
FNF:3
FNH:0
FNDA:0,request
FNDA:0,registerVendor
FNDA:0,login
DA:1,0
DA:28,0
DA:29,0
DA:37,0
DA:38,0
DA:41,0
DA:42,0
DA:45,0
DA:46,0
DA:47,0
DA:48,0
DA:52,0
DA:54,0
DA:55,0
DA:58,0
DA:59,0
DA:61,0
DA:62,0
DA:64,0
DA:65,0
DA:67,0
DA:72,0
DA:73,0
DA:74,0
DA:77,0
DA:80,0
DA:81,0
DA:84,0
DA:89,0
DA:96,0
LF:30
LH:0
BRDA:37,0,0,0
BRDA:37,0,1,0
BRDA:45,1,0,0
BRDA:45,1,1,0
BRDA:47,2,0,0
BRDA:47,2,1,0
BRDA:52,3,0,0
BRDA:52,3,1,0
BRDA:52,3,2,0
BRDA:52,3,3,0
BRDA:52,3,4,0
BRDA:52,3,5,0
BRDA:80,4,0,0
BRDA:80,4,1,0
BRF:14
BRH:0
end_of_record
TN:
SF:src/utils/auth.ts
FN:2,(anonymous_0)
FN:19,(anonymous_1)
FN:35,(anonymous_2)
FN:48,(anonymous_3)
FNF:4
FNH:0
FNDA:0,(anonymous_0)
FNDA:0,(anonymous_1)
FNDA:0,(anonymous_2)
FNDA:0,(anonymous_3)
DA:2,0
DA:3,0
DA:4,0
DA:5,0
DA:7,0
DA:8,0
DA:11,0
DA:13,0
DA:14,0
DA:19,0
DA:20,0
DA:21,0
DA:22,0
DA:24,0
DA:25,0
DA:26,0
DA:27,0
DA:29,0
DA:30,0
DA:35,0
DA:36,0
DA:37,0
DA:38,0
DA:39,0
DA:40,0
DA:42,0
DA:43,0
DA:48,0
DA:49,0
DA:50,0
DA:51,0
DA:52,0
DA:55,0
DA:56,0
DA:57,0
DA:58,0
DA:59,0
DA:60,0
DA:64,0
LF:39
LH:0
BRDA:7,0,0,0
BRDA:7,0,1,0
BRDA:7,1,0,0
BRDA:7,1,1,0
BRDA:50,2,0,0
BRDA:50,2,1,0
BRDA:56,3,0,0
BRDA:56,3,1,0
BRDA:58,4,0,0
BRDA:58,4,1,0
BRF:10
BRH:0
end_of_record
